

Microchip Technology PIC LITE Macro Assembler V1.33 build 59893 
                                                                                               Mon Apr 22 17:41:50 2024

Microchip Technology Omniscient Code Generator (Lite mode) build 59893
     1                           	processor	16F877A
     2                           	opt	pw 120
     3                           	opt	lm
     4                           	psect	strings,global,class=STRING,delta=2
     5                           	psect	cinit,global,class=CODE,merge=1,delta=2
     6                           	psect	bssCOMMON,global,class=COMMON,space=1,delta=1
     7                           	psect	cstackCOMMON,global,class=COMMON,space=1,delta=1
     8                           	psect	maintext,global,class=CODE,split=1,delta=2
     9                           	dabs	1,0x7E,2
    10  0000                     	;# 
    11  0001                     	;# 
    12  0002                     	;# 
    13  0003                     	;# 
    14  0004                     	;# 
    15  0005                     	;# 
    16  0006                     	;# 
    17  0007                     	;# 
    18  0008                     	;# 
    19  0009                     	;# 
    20  000A                     	;# 
    21  000B                     	;# 
    22  000C                     	;# 
    23  000D                     	;# 
    24  000E                     	;# 
    25  000E                     	;# 
    26  000F                     	;# 
    27  0010                     	;# 
    28  0011                     	;# 
    29  0012                     	;# 
    30  0013                     	;# 
    31  0014                     	;# 
    32  0015                     	;# 
    33  0015                     	;# 
    34  0016                     	;# 
    35  0017                     	;# 
    36  0018                     	;# 
    37  0019                     	;# 
    38  001A                     	;# 
    39  001B                     	;# 
    40  001B                     	;# 
    41  001C                     	;# 
    42  001D                     	;# 
    43  001E                     	;# 
    44  001F                     	;# 
    45  0081                     	;# 
    46  0085                     	;# 
    47  0086                     	;# 
    48  0087                     	;# 
    49  0088                     	;# 
    50  0089                     	;# 
    51  008C                     	;# 
    52  008D                     	;# 
    53  008E                     	;# 
    54  0091                     	;# 
    55  0092                     	;# 
    56  0093                     	;# 
    57  0094                     	;# 
    58  0098                     	;# 
    59  0099                     	;# 
    60  009C                     	;# 
    61  009D                     	;# 
    62  009E                     	;# 
    63  009F                     	;# 
    64  010C                     	;# 
    65  010D                     	;# 
    66  010E                     	;# 
    67  010F                     	;# 
    68  018C                     	;# 
    69  018D                     	;# 
    70                           
    71                           	psect	strings
    72  0003                     __pstrings:	
    73  0003                     stringtab:	
    74  0003                     __stringtab:	
    75  0003                     stringcode:	
    76                           ;	String table - string pointers are 1 byte each
    77                           
    78  0003                     stringdir:	
    79  0003  3000               	movlw	high stringdir
    80  0004  008A               	movwf	10
    81  0005  0804               	movf	4,w
    82  0006  0A84               	incf	4,f
    83  0007  0782               	addwf	2,f
    84  0008                     __stringbase:	
    85  0008  3400               	retlw	0
    86  0009                     __end_of__stringtab:	
    87  0009                     _POLYNOMIAL:	
    88  0009  3431               	retlw	49
    89  000A  3401               	retlw	1
    90  000B                     __end_of_POLYNOMIAL:	
    91  0006                     _PORTB	set	6
    92  0013                     _SSPBUF	set	19
    93  0014                     _SSPCON	set	20
    94  0001                     _TMR0	set	1
    95  0038                     _RC0	set	56
    96  0039                     _RC1	set	57
    97  003A                     _RC2	set	58
    98  0093                     _SSPADD	set	147
    99  0091                     _SSPCON2	set	145
   100  0094                     _SSPSTAT	set	148
   101  0087                     _TRISC	set	135
   102  048D                     _ACKDT	set	1165
   103  048C                     _ACKEN	set	1164
   104  048A                     _PEN	set	1162
   105  048B                     _RCEN	set	1163
   106  0489                     _RSEN	set	1161
   107  0488                     _SEN	set	1160
   108                           
   109                           ; #config settings
   110  0000                     
   111                           	psect	cinit
   112  07FA                     start_initialization:	
   113  07FA                     __initialization:	
   114                           
   115                           ; Clear objects allocated to COMMON
   116  07FA  01F0               	clrf	__pbssCOMMON& (0+127)
   117  07FB  01F1               	clrf	(__pbssCOMMON+1)& (0+127)
   118  07FC                     end_of_initialization:	
   119                           ;End of C runtime variable initialization code
   120                           
   121  07FC                     __end_of__initialization:	
   122  07FC  0183               	clrf	3
   123  07FD  120A  118A  2FF9   	ljmp	_main	;jump to C main() function
   124                           
   125                           	psect	bssCOMMON
   126  0070                     __pbssCOMMON:	
   127  0070                     _RH:	
   128  0070                     	ds	1
   129  0071                     _temp:	
   130  0071                     	ds	1
   131                           
   132                           	psect	cstackCOMMON
   133  0000                     __pcstackCOMMON:	
   134  0000                     ?_main:	
   135  0000                     ??_main:	
   136                           ; 0 bytes @ 0x0
   137                           
   138                           
   139                           	psect	maintext
   140  07F9                     __pmaintext:	
   141                           ; 0 bytes @ 0x0
   142 ;;
   143 ;;Main: autosize = 0, tempsize = 0, incstack = 0, save=0
   144 ;;
   145 ;; *************** function _main *****************
   146 ;; Defined at:
   147 ;;		line 134 in file "D:\uni_2023-2024\cpe3201\embedded-systems\LabExer\LE7\mplab\7-3\BajanDecierdo_7-3.c"
   148 ;; Parameters:    Size  Location     Type
   149 ;;		None
   150 ;; Auto vars:     Size  Location     Type
   151 ;;		None
   152 ;; Return value:  Size  Location     Type
   153 ;;		None               void
   154 ;; Registers used:
   155 ;;		None
   156 ;; Tracked objects:
   157 ;;		On entry : 17F/0
   158 ;;		On exit  : 0/0
   159 ;;		Unchanged: 0/0
   160 ;; Data sizes:     COMMON   BANK0   BANK1   BANK3   BANK2
   161 ;;      Params:         0       0       0       0       0
   162 ;;      Locals:         0       0       0       0       0
   163 ;;      Temps:          0       0       0       0       0
   164 ;;      Totals:         0       0       0       0       0
   165 ;;Total ram usage:        0 bytes
   166 ;; This function calls:
   167 ;;		Nothing
   168 ;; This function is called by:
   169 ;;		Startup code after reset
   170 ;; This function uses a non-reentrant model
   171 ;;
   172                           
   173                           
   174                           ;psect for function _main
   175  07F9                     _main:	
   176  07F9                     l49:	
   177                           ;incstack = 0
   178                           ; Regs used in _main: []
   179                           ;BajanDecierdo_7-3.c: 136: while (1)
   180                           
   181                           
   182                           ;BajanDecierdo_7-3.c: 137: {
   183  07F9  2FF9               	goto	l49
   184  07FA                     __end_of_main:	
   185  007E                     btemp	set	126	;btemp
   186  007E                     wtemp	set	126
   187  007E                     wtemp0	set	126
   188  0080                     wtemp1	set	128
   189  0082                     wtemp2	set	130
   190  0084                     wtemp3	set	132
   191  0086                     wtemp4	set	134
   192  0088                     wtemp5	set	136
   193  007F                     wtemp6	set	127
   194  007E                     ttemp	set	126
   195  007E                     ttemp0	set	126
   196  0081                     ttemp1	set	129
   197  0084                     ttemp2	set	132
   198  0087                     ttemp3	set	135
   199  007F                     ttemp4	set	127
   200  007E                     ltemp	set	126
   201  007E                     ltemp0	set	126
   202  0082                     ltemp1	set	130
   203  0086                     ltemp2	set	134
   204  0080                     ltemp3	set	128


Data Sizes:
    Strings     0
    Constant    2
    Data        0
    BSS         2
    Persistent  0
    Stack       0

Auto Spaces:
    Space          Size  Autos    Used
    COMMON           14      0       2
    BANK0            80      0       0
    BANK1            80      0       0
    BANK3            96      0       0
    BANK2            96      0       0

Pointer List with Targets:

    None.

Critical Paths under _main in COMMON

    None.

Critical Paths under _main in BANK0

    None.

Critical Paths under _main in BANK1

    None.

Critical Paths under _main in BANK3

    None.

Critical Paths under _main in BANK2

    None.

Call Graph Tables:

 ---------------------------------------------------------------------------------
 (Depth) Function   	        Calls       Base Space   Used Autos Params    Refs
 ---------------------------------------------------------------------------------
 (0) _main                                                 0     0      0       0
 ---------------------------------------------------------------------------------
 Estimated maximum stack depth 0
 ---------------------------------------------------------------------------------

 Call Graph Graphs:

 _main (ROOT)

 Address spaces:
Name               Size   Autos  Total    Cost      Usage
BITCOMMON            E      0       0       0        0.0%
EEDATA             100      0       0       0        0.0%
NULL                 0      0       0       0        0.0%
CODE                 0      0       0       0        0.0%
COMMON               E      0       2       1       14.3%
BITSFR0              0      0       0       1        0.0%
SFR0                 0      0       0       1        0.0%
BITSFR1              0      0       0       2        0.0%
SFR1                 0      0       0       2        0.0%
STACK                0      0       0       2        0.0%
ABS                  0      0       2       3        0.0%
BITBANK0            50      0       0       4        0.0%
BITSFR3              0      0       0       4        0.0%
SFR3                 0      0       0       4        0.0%
BANK0               50      0       0       5        0.0%
BITSFR2              0      0       0       5        0.0%
SFR2                 0      0       0       5        0.0%
BITBANK1            50      0       0       6        0.0%
BANK1               50      0       0       7        0.0%
BITBANK3            60      0       0       8        0.0%
BANK3               60      0       0       9        0.0%
BITBANK2            60      0       0      10        0.0%
BANK2               60      0       0      11        0.0%
DATA                 0      0       2      12        0.0%


Microchip Technology PIC Macro Assembler V1.33 build 59893 
Symbol Table                                                                                   Mon Apr 22 17:41:50 2024

                      pc 0002              __CFG_CP$OFF 0000                       l49 07F9  
                     _RH 0070                       fsr 0004                      _RC0 0038  
                    _RC1 0039                      _RC2 003A                      _PEN 048A  
           __CFG_CPD$OFF 0000                      _SEN 0488             __CFG_FOSC$XT 0000  
           __CFG_LVP$OFF 0000                     _RCEN 048B                     _TMR0 0001  
                   _RSEN 0489             __CFG_WRT$OFF 0000                     _main 07F9  
                   _temp 0071                     btemp 007E            __CFG_BOREN$ON 0000  
                   ltemp 007E                     start 0000                     ttemp 007E  
                   wtemp 007E                    ?_main 0000                    _ACKEN 048C  
                  _ACKDT 048D            __CFG_WDTE$OFF 0000                    _PORTB 0006  
                  _TRISC 0087            __CFG_PWRTE$ON 0000                    pclath 000A  
                  ltemp0 007E                    ltemp1 0082                    ltemp2 0086  
                  ltemp3 0080                    ttemp0 007E                    ttemp1 0081  
                  ttemp2 0084                    ttemp3 0087                    ttemp4 007F  
                  status 0003                    wtemp0 007E                    wtemp1 0080  
                  wtemp2 0082                    wtemp3 0084                    wtemp4 0086  
                  wtemp5 0088                    wtemp6 007F          __initialization 07FA  
           __end_of_main 07FA                   ??_main 0000                   _SSPADD 0093  
                 _SSPCON 0014                   _SSPBUF 0013  __end_of__initialization 07FC  
         __pcstackCOMMON 0000               __pmaintext 07F9                  _SSPCON2 0091  
                _SSPSTAT 0094               __stringtab 0003       __end_of_POLYNOMIAL 000B  
   end_of_initialization 07FC      start_initialization 07FA              __pbssCOMMON 0070  
              ___latbits 0002                __pstrings 0003              __stringbase 0008  
     __end_of__stringtab 0009            __size_of_main 0001                stringcode 0003  
             _POLYNOMIAL 0009                 stringdir 0003                 stringtab 0003  
