

Microchip Technology PIC LITE Macro Assembler V1.33 build 59893 
                                                                                               Sun Feb 25 21:41:43 2024

Microchip Technology Omniscient Code Generator (Lite mode) build 59893
     1                           	processor	16F877A
     2                           	opt	pw 120
     3                           	opt	lm
     4                           	psect	text0,local,class=CODE,merge=1,delta=2
     5                           	psect	cinit,global,class=CODE,merge=1,delta=2
     6                           	psect	bitbssCOMMON,global,bit,class=COMMON,space=1,delta=1
     7                           	psect	bssCOMMON,global,class=COMMON,space=1,delta=1
     8                           	psect	cstackCOMMON,global,class=COMMON,space=1,delta=1
     9                           	psect	cstackBANK0,global,class=BANK0,space=1,delta=1
    10                           	psect	maintext,global,class=CODE,split=1,delta=2
    11                           	psect	text1,local,class=CODE,merge=1,delta=2
    12                           	psect	text2,local,class=CODE,merge=1,delta=2
    13                           	psect	intentry,global,class=CODE,delta=2
    14                           	psect	text3,local,class=CODE,merge=1,delta=2
    15                           	dabs	1,0x7E,2
    16  0000                     	;# 
    17  0001                     	;# 
    18  0002                     	;# 
    19  0003                     	;# 
    20  0004                     	;# 
    21  0005                     	;# 
    22  0006                     	;# 
    23  0007                     	;# 
    24  0008                     	;# 
    25  0009                     	;# 
    26  000A                     	;# 
    27  000B                     	;# 
    28  000C                     	;# 
    29  000D                     	;# 
    30  000E                     	;# 
    31  000E                     	;# 
    32  000F                     	;# 
    33  0010                     	;# 
    34  0011                     	;# 
    35  0012                     	;# 
    36  0013                     	;# 
    37  0014                     	;# 
    38  0015                     	;# 
    39  0015                     	;# 
    40  0016                     	;# 
    41  0017                     	;# 
    42  0018                     	;# 
    43  0019                     	;# 
    44  001A                     	;# 
    45  001B                     	;# 
    46  001B                     	;# 
    47  001C                     	;# 
    48  001D                     	;# 
    49  001E                     	;# 
    50  001F                     	;# 
    51  0081                     	;# 
    52  0085                     	;# 
    53  0086                     	;# 
    54  0087                     	;# 
    55  0088                     	;# 
    56  0089                     	;# 
    57  008C                     	;# 
    58  008D                     	;# 
    59  008E                     	;# 
    60  0091                     	;# 
    61  0092                     	;# 
    62  0093                     	;# 
    63  0094                     	;# 
    64  0098                     	;# 
    65  0099                     	;# 
    66  009C                     	;# 
    67  009D                     	;# 
    68  009E                     	;# 
    69  009F                     	;# 
    70  010C                     	;# 
    71  010D                     	;# 
    72  010E                     	;# 
    73  010F                     	;# 
    74  018C                     	;# 
    75  018D                     	;# 
    76  0007                     _PORTC	set	7
    77  0008                     _PORTD	set	8
    78  0001                     _TMR0	set	1
    79  005F                     _GIE	set	95
    80  005C                     _INTE	set	92
    81  0059                     _INTF	set	89
    82  005D                     _T0IE	set	93
    83  005A                     _T0IF	set	90
    84  0081                     _OPTION_REG	set	129
    85  0086                     _TRISB	set	134
    86  0087                     _TRISC	set	135
    87  0088                     _TRISD	set	136
    88                           
    89                           	psect	text0
    90  0000                     __ptext0:	
    91                           ; #config settings
    92                           
    93                           
    94                           ;psect for function _keypress
    95  0000                     
    96                           	psect	cinit
    97  0015                     start_initialization:	
    98  0015                     __initialization:	
    99                           
   100                           ; Clear objects allocated to BITCOMMON
   101  0015  01F6               	clrf	(__pbitbssCOMMON/(0+8))& (0+127)
   102                           
   103                           ; Clear objects allocated to COMMON
   104  0016  01F7               	clrf	__pbssCOMMON& (0+127)
   105  0017                     end_of_initialization:	
   106                           ;End of C runtime variable initialization code
   107                           
   108  0017                     __end_of__initialization:	
   109  0017  0183               	clrf	3
   110  0018  120A  118A  284F   	ljmp	_main	;jump to C main() function
   111                           
   112                           	psect	bitbssCOMMON
   113  03B0                     __pbitbssCOMMON:	
   114  03B0                     _int_flag:	
   115  03B0                     	ds	1
   116                           
   117                           	psect	bssCOMMON
   118  0077                     __pbssCOMMON:	
   119  0077                     _segCnt:	
   120  0077                     	ds	1
   121                           
   122                           	psect	cstackCOMMON
   123  0070                     __pcstackCOMMON:	
   124  0070                     ??_keypress:	
   125  0070                     ?_main:	
   126                           ; 0 bytes @ 0x0
   127                           
   128  0070                     ?_ISR:	
   129                           ; 0 bytes @ 0x0
   130                           
   131  0070                     ?_keypress:	
   132                           ; 0 bytes @ 0x0
   133                           
   134  0070                     keypress@kpad:	
   135                           ; 1 bytes @ 0x0
   136                           
   137                           
   138                           ; 1 bytes @ 0x0
   139  0070                     	ds	1
   140  0071                     ??_ISR:	
   141                           
   142                           ; 0 bytes @ 0x1
   143  0071                     	ds	5
   144  0076                     ??_delay:	
   145                           
   146                           	psect	cstackBANK0
   147  0020                     __pcstackBANK0:	
   148                           ; 0 bytes @ 0x6
   149                           
   150  0020                     ?_delay:	
   151  0020                     delay@overflows:	
   152                           ; 0 bytes @ 0x0
   153                           
   154                           
   155                           ; 2 bytes @ 0x0
   156  0020                     	ds	2
   157  0022                     ??_main:	
   158                           
   159                           ; 0 bytes @ 0x2
   160  0022                     	ds	1
   161                           
   162                           	psect	maintext
   163  004F                     __pmaintext:	
   164 ;;
   165 ;;Main: autosize = 0, tempsize = 1, incstack = 0, save=0
   166 ;;
   167 ;; *************** function _main *****************
   168 ;; Defined at:
   169 ;;		line 19 in file "D:\uni_2023-2024\cpe3201\embedded-systems\LabExer\LE3\mplab\BajanDecierdo_LE3-3.c"
   170 ;; Parameters:    Size  Location     Type
   171 ;;		None
   172 ;; Auto vars:     Size  Location     Type
   173 ;;		None
   174 ;; Return value:  Size  Location     Type
   175 ;;		None               void
   176 ;; Registers used:
   177 ;;		wreg, status,2, status,0, btemp+1, pclath, cstack
   178 ;; Tracked objects:
   179 ;;		On entry : 17F/0
   180 ;;		On exit  : 0/0
   181 ;;		Unchanged: 0/0
   182 ;; Data sizes:     COMMON   BANK0   BANK1   BANK3   BANK2
   183 ;;      Params:         0       0       0       0       0
   184 ;;      Locals:         0       0       0       0       0
   185 ;;      Temps:          0       1       0       0       0
   186 ;;      Totals:         0       1       0       0       0
   187 ;;Total ram usage:        1 bytes
   188 ;; Hardware stack levels required when called:    3
   189 ;; This function calls:
   190 ;;		_delay
   191 ;; This function is called by:
   192 ;;		Startup code after reset
   193 ;; This function uses a non-reentrant model
   194 ;;
   195                           
   196                           
   197                           ;psect for function _main
   198  004F                     _main:	
   199                           
   200                           ;BajanDecierdo_LE3-3.c: 20: segCnt = 0;
   201                           
   202                           ;incstack = 0
   203                           ; Regs used in _main: [wreg+status,2+status,0+btemp+1+pclath+cstack]
   204  004F  01F7               	clrf	_segCnt
   205                           
   206                           ;BajanDecierdo_LE3-3.c: 22: TRISB = 0x01;
   207  0050  3001               	movlw	1
   208  0051  1683               	bsf	3,5	;RP0=1, select bank1
   209  0052  1303               	bcf	3,6	;RP1=0, select bank1
   210  0053  0086               	movwf	6	;volatile
   211                           
   212                           ;BajanDecierdo_LE3-3.c: 23: TRISC = 0x00;
   213  0054  0187               	clrf	7	;volatile
   214                           
   215                           ;BajanDecierdo_LE3-3.c: 24: TRISD = 0x0F;
   216  0055  300F               	movlw	15
   217  0056  0088               	movwf	8	;volatile
   218                           
   219                           ;BajanDecierdo_LE3-3.c: 26: INTE = 1;
   220  0057  160B               	bsf	11,4	;volatile
   221                           
   222                           ;BajanDecierdo_LE3-3.c: 27: INTF = 0;
   223  0058  108B               	bcf	11,1	;volatile
   224                           
   225                           ;BajanDecierdo_LE3-3.c: 29: OPTION_REG = 0x04;
   226  0059  3004               	movlw	4
   227  005A  0081               	movwf	1	;volatile
   228                           
   229                           ;BajanDecierdo_LE3-3.c: 31: T0IE = 1;
   230  005B  168B               	bsf	11,5	;volatile
   231                           
   232                           ;BajanDecierdo_LE3-3.c: 32: T0IF = 0;
   233  005C  110B               	bcf	11,2	;volatile
   234                           
   235                           ;BajanDecierdo_LE3-3.c: 34: GIE = 1;
   236  005D  178B               	bsf	11,7	;volatile
   237  005E  286B               	goto	l696
   238  005F                     l700:	
   239                           
   240                           ;BajanDecierdo_LE3-3.c: 39: segCnt++;
   241  005F  3001               	movlw	1
   242  0060  1283               	bcf	3,5	;RP0=0, select bank0
   243  0061  1303               	bcf	3,6	;RP1=0, select bank0
   244  0062  00A2               	movwf	??_main
   245  0063  0822               	movf	??_main,w
   246  0064  07F7               	addwf	_segCnt,f
   247                           
   248                           ;BajanDecierdo_LE3-3.c: 40: if(segCnt > 9){
   249  0065  300A               	movlw	10
   250  0066  0277               	subwf	_segCnt,w
   251  0067  1803               	btfsc	3,0
   252                           
   253                           ;BajanDecierdo_LE3-3.c: 41: segCnt = 0;
   254  0068  01F7               	clrf	_segCnt
   255                           
   256                           ;BajanDecierdo_LE3-3.c: 42: }
   257                           ;BajanDecierdo_LE3-3.c: 43: PORTC = segCnt;
   258  0069  0877               	movf	_segCnt,w
   259  006A  0087               	movwf	7	;volatile
   260  006B                     l696:	
   261                           ;BajanDecierdo_LE3-3.c: 36: while(1) {
   262                           
   263                           ;BajanDecierdo_LE3-3.c: 44: } else {
   264                           
   265                           
   266                           ;BajanDecierdo_LE3-3.c: 37: delay(122);
   267  006B  307A               	movlw	122
   268  006C  1283               	bcf	3,5	;RP0=0, select bank0
   269  006D  1303               	bcf	3,6	;RP1=0, select bank0
   270  006E  00A0               	movwf	delay@overflows
   271  006F  3000               	movlw	0
   272  0070  00A1               	movwf	delay@overflows+1
   273  0071  120A  118A  209A  120A  118A  	fcall	_delay
   274                           
   275                           ;BajanDecierdo_LE3-3.c: 38: if(!int_flag) {
   276  0076  1C76               	btfss	_int_flag/(0+8),_int_flag& (0+7)
   277  0077  285F               	goto	l700
   278                           
   279                           ;BajanDecierdo_LE3-3.c: 45: int_flag = 0;
   280  0078  1076               	bcf	_int_flag/(0+8),_int_flag& (0+7)
   281  0079  286B               	goto	l696
   282  007A                     __end_of_main:	
   283                           
   284                           	psect	text1
   285  009A                     __ptext1:	
   286 ;; *************** function _delay *****************
   287 ;; Defined at:
   288 ;;		line 50 in file "D:\uni_2023-2024\cpe3201\embedded-systems\LabExer\LE3\mplab\BajanDecierdo_LE3-3.c"
   289 ;; Parameters:    Size  Location     Type
   290 ;;  overflows       2    0[BANK0 ] int 
   291 ;; Auto vars:     Size  Location     Type
   292 ;;		None
   293 ;; Return value:  Size  Location     Type
   294 ;;		None               void
   295 ;; Registers used:
   296 ;;		wreg, btemp+1
   297 ;; Tracked objects:
   298 ;;		On entry : 0/0
   299 ;;		On exit  : 0/0
   300 ;;		Unchanged: 0/0
   301 ;; Data sizes:     COMMON   BANK0   BANK1   BANK3   BANK2
   302 ;;      Params:         0       2       0       0       0
   303 ;;      Locals:         0       0       0       0       0
   304 ;;      Temps:          0       0       0       0       0
   305 ;;      Totals:         0       2       0       0       0
   306 ;;Total ram usage:        2 bytes
   307 ;; Hardware stack levels used:    1
   308 ;; Hardware stack levels required when called:    2
   309 ;; This function calls:
   310 ;;		Nothing
   311 ;; This function is called by:
   312 ;;		_main
   313 ;; This function uses a non-reentrant model
   314 ;;
   315                           
   316                           
   317                           ;psect for function _delay
   318  009A                     _delay:	
   319  009A                     l678:	
   320                           ;BajanDecierdo_LE3-3.c: 51: while(overflows > 0) {
   321                           
   322                           ;incstack = 0
   323                           ; Regs used in _delay: [wreg+btemp+1]
   324                           
   325  009A  1283               	bcf	3,5	;RP0=0, select bank0
   326  009B  1303               	bcf	3,6	;RP1=0, select bank0
   327  009C  0821               	movf	delay@overflows+1,w
   328  009D  3A80               	xorlw	128
   329  009E  00FF               	movwf	127
   330  009F  3080               	movlw	128
   331  00A0  027F               	subwf	127,w
   332  00A1  1D03               	skipz
   333  00A2  28A5               	goto	u105
   334  00A3  3001               	movlw	1
   335  00A4  0220               	subwf	delay@overflows,w
   336  00A5                     u105:	
   337  00A5  1C03               	btfss	3,0
   338  00A6  0008               	return
   339                           
   340                           ;BajanDecierdo_LE3-3.c: 52: TMR0 = 231;
   341  00A7  30E7               	movlw	231
   342  00A8  1283               	bcf	3,5	;RP0=0, select bank0
   343  00A9  1303               	bcf	3,6	;RP1=0, select bank0
   344  00AA  0081               	movwf	1	;volatile
   345                           
   346                           ;BajanDecierdo_LE3-3.c: 53: T0IF = 0;
   347  00AB  110B               	bcf	11,2	;volatile
   348  00AC                     l46:	
   349                           ;BajanDecierdo_LE3-3.c: 54: while(!T0IF);
   350                           
   351  00AC  1D0B               	btfss	11,2	;volatile
   352  00AD  28AC               	goto	l46
   353                           
   354                           ;BajanDecierdo_LE3-3.c: 55: overflows--;
   355  00AE  30FF               	movlw	255
   356  00AF  1283               	bcf	3,5	;RP0=0, select bank0
   357  00B0  1303               	bcf	3,6	;RP1=0, select bank0
   358  00B1  07A0               	addwf	delay@overflows,f
   359  00B2  1803               	skipnc
   360  00B3  0AA1               	incf	delay@overflows+1,f
   361  00B4  30FF               	movlw	255
   362  00B5  07A1               	addwf	delay@overflows+1,f
   363  00B6  289A               	goto	l678
   364  00B7                     __end_of_delay:	
   365                           
   366                           	psect	text2
   367  007A                     __ptext2:	
   368 ;; *************** function _ISR *****************
   369 ;; Defined at:
   370 ;;		line 59 in file "D:\uni_2023-2024\cpe3201\embedded-systems\LabExer\LE3\mplab\BajanDecierdo_LE3-3.c"
   371 ;; Parameters:    Size  Location     Type
   372 ;;		None
   373 ;; Auto vars:     Size  Location     Type
   374 ;;		None
   375 ;; Return value:  Size  Location     Type
   376 ;;		None               void
   377 ;; Registers used:
   378 ;;		wreg, fsr0l, fsr0h, status,2, status,0, pclath, cstack
   379 ;; Tracked objects:
   380 ;;		On entry : 0/0
   381 ;;		On exit  : 0/0
   382 ;;		Unchanged: 0/0
   383 ;; Data sizes:     COMMON   BANK0   BANK1   BANK3   BANK2
   384 ;;      Params:         0       0       0       0       0
   385 ;;      Locals:         0       0       0       0       0
   386 ;;      Temps:          5       0       0       0       0
   387 ;;      Totals:         5       0       0       0       0
   388 ;;Total ram usage:        5 bytes
   389 ;; Hardware stack levels used:    1
   390 ;; Hardware stack levels required when called:    1
   391 ;; This function calls:
   392 ;;		_keypress
   393 ;; This function is called by:
   394 ;;		Interrupt level 1
   395 ;; This function uses a non-reentrant model
   396 ;;
   397                           
   398                           
   399                           ;psect for function _ISR
   400  007A                     _ISR:	
   401                           
   402                           ;BajanDecierdo_LE3-3.c: 60: if(INTF) {
   403  007A  1C8B               	btfss	11,1	;volatile
   404  007B  288C               	goto	i1l53
   405                           
   406                           ;BajanDecierdo_LE3-3.c: 61: INTF = 0;
   407  007C  108B               	bcf	11,1	;volatile
   408                           
   409                           ;BajanDecierdo_LE3-3.c: 62: int_flag = 1;
   410  007D  1476               	bsf	_int_flag/(0+8),_int_flag& (0+7)
   411                           
   412                           ;BajanDecierdo_LE3-3.c: 63: segCnt = keypress(PORTD);
   413  007E  0808               	movf	8,w	;volatile
   414  007F  120A  118A  201B  120A  118A  	fcall	_keypress
   415  0084  00F1               	movwf	??_ISR
   416  0085  0871               	movf	??_ISR,w
   417  0086  00F7               	movwf	_segCnt
   418                           
   419                           ;BajanDecierdo_LE3-3.c: 64: PORTC = segCnt;
   420  0087  0877               	movf	_segCnt,w
   421  0088  1283               	bcf	3,5	;RP0=0, select bank0
   422  0089  1303               	bcf	3,6	;RP1=0, select bank0
   423  008A  0087               	movwf	7	;volatile
   424                           
   425                           ;BajanDecierdo_LE3-3.c: 65: }
   426  008B  288F               	goto	i1l56
   427  008C                     i1l53:	
   428                           
   429                           ;BajanDecierdo_LE3-3.c: 66: else if(T0IF) {
   430  008C  1D0B               	btfss	11,2	;volatile
   431  008D  288F               	goto	i1l56
   432                           
   433                           ;BajanDecierdo_LE3-3.c: 67: T0IF = 0;
   434  008E  110B               	bcf	11,2	;volatile
   435  008F                     i1l56:	
   436  008F  0875               	movf	??_ISR+4,w
   437  0090  00FF               	movwf	127
   438  0091  0874               	movf	??_ISR+3,w
   439  0092  008A               	movwf	10
   440  0093  0873               	movf	??_ISR+2,w
   441  0094  0084               	movwf	4
   442  0095  0E72               	swapf	(??_ISR+1)^(0+-128),w
   443  0096  0083               	movwf	3
   444  0097  0EFE               	swapf	126,f
   445  0098  0E7E               	swapf	126,w
   446  0099  0009               	retfie
   447  009A                     __end_of_ISR:	
   448                           
   449                           	psect	intentry
   450  0004                     __pintentry:	
   451                           ;incstack = 0
   452                           ; Regs used in _ISR: [wreg-fsr0h+status,2+status,0+pclath+cstack]
   453                           
   454  0004                     interrupt_function:	
   455  007E                     saved_w	set	btemp
   456  0004  00FE               	movwf	btemp
   457  0005  0E03               	swapf	3,w
   458  0006  00F2               	movwf	??_ISR+1
   459  0007  0804               	movf	4,w
   460  0008  00F3               	movwf	??_ISR+2
   461  0009  080A               	movf	10,w
   462  000A  00F4               	movwf	??_ISR+3
   463  000B  1283               	bcf	3,5	;RP0=0, select bank0
   464  000C  1303               	bcf	3,6	;RP1=0, select bank0
   465  000D  087F               	movf	btemp+1,w
   466  000E  00F5               	movwf	??_ISR+4
   467  000F  120A  118A  287A   	ljmp	_ISR
   468                           
   469                           	psect	text3
   470  001B                     __ptext3:	
   471 ;; *************** function _keypress *****************
   472 ;; Defined at:
   473 ;;		line 71 in file "D:\uni_2023-2024\cpe3201\embedded-systems\LabExer\LE3\mplab\BajanDecierdo_LE3-3.c"
   474 ;; Parameters:    Size  Location     Type
   475 ;;  kpad            1    wreg     unsigned char 
   476 ;; Auto vars:     Size  Location     Type
   477 ;;  kpad            1    0[COMMON] unsigned char 
   478 ;; Return value:  Size  Location     Type
   479 ;;                  1    wreg      unsigned char 
   480 ;; Registers used:
   481 ;;		wreg, fsr0l, fsr0h, status,2, status,0
   482 ;; Tracked objects:
   483 ;;		On entry : 0/0
   484 ;;		On exit  : 0/0
   485 ;;		Unchanged: 0/0
   486 ;; Data sizes:     COMMON   BANK0   BANK1   BANK3   BANK2
   487 ;;      Params:         0       0       0       0       0
   488 ;;      Locals:         1       0       0       0       0
   489 ;;      Temps:          0       0       0       0       0
   490 ;;      Totals:         1       0       0       0       0
   491 ;;Total ram usage:        1 bytes
   492 ;; Hardware stack levels used:    1
   493 ;; This function calls:
   494 ;;		Nothing
   495 ;; This function is called by:
   496 ;;		_ISR
   497 ;; This function uses a non-reentrant model
   498 ;;
   499                           
   500                           
   501                           ;psect for function _keypress
   502  001B                     _keypress:	
   503                           
   504                           ;incstack = 0
   505                           ; Regs used in _keypress: [wreg-fsr0h+status,2+status,0]
   506                           ;keypress@kpad stored from wreg
   507  001B  00F0               	movwf	keypress@kpad
   508                           
   509                           ;BajanDecierdo_LE3-3.c: 72: switch(kpad) {
   510  001C  2831               	goto	i1l602
   511  001D                     i1l540:	
   512                           ;BajanDecierdo_LE3-3.c: 73: case 0x00: return 0x01;
   513                           
   514  001D  3001               	movlw	1
   515                           
   516                           ;BajanDecierdo_LE3-3.c: 74: break;
   517  001E  0008               	return
   518  001F                     i1l546:	
   519                           ;BajanDecierdo_LE3-3.c: 75: case 0x01: return 0x02;
   520                           
   521  001F  3002               	movlw	2
   522                           
   523                           ;BajanDecierdo_LE3-3.c: 76: break;
   524  0020  0008               	return
   525  0021                     i1l552:	
   526                           ;BajanDecierdo_LE3-3.c: 77: case 0x02: return 0x03;
   527                           
   528  0021  3003               	movlw	3
   529                           
   530                           ;BajanDecierdo_LE3-3.c: 78: break;
   531  0022  0008               	return
   532  0023                     i1l558:	
   533                           ;BajanDecierdo_LE3-3.c: 79: case 0x04: return 0x04;
   534                           
   535  0023  3004               	movlw	4
   536                           
   537                           ;BajanDecierdo_LE3-3.c: 80: break;
   538  0024  0008               	return
   539  0025                     i1l564:	
   540                           ;BajanDecierdo_LE3-3.c: 81: case 0x05: return 0x05;
   541                           
   542  0025  3005               	movlw	5
   543                           
   544                           ;BajanDecierdo_LE3-3.c: 82: break;
   545  0026  0008               	return
   546  0027                     i1l570:	
   547                           ;BajanDecierdo_LE3-3.c: 83: case 0x06: return 0x06;
   548                           
   549  0027  3006               	movlw	6
   550                           
   551                           ;BajanDecierdo_LE3-3.c: 84: break;
   552  0028  0008               	return
   553  0029                     i1l576:	
   554                           ;BajanDecierdo_LE3-3.c: 85: case 0x08: return 0x07;
   555                           
   556  0029  3007               	movlw	7
   557                           
   558                           ;BajanDecierdo_LE3-3.c: 86: break;
   559  002A  0008               	return
   560  002B                     i1l582:	
   561                           ;BajanDecierdo_LE3-3.c: 87: case 0x09: return 0x08;
   562                           
   563  002B  3008               	movlw	8
   564                           
   565                           ;BajanDecierdo_LE3-3.c: 88: break;
   566  002C  0008               	return
   567  002D                     i1l588:	
   568                           ;BajanDecierdo_LE3-3.c: 89: case 0x0A: return 0x09;
   569                           
   570  002D  3009               	movlw	9
   571                           
   572                           ;BajanDecierdo_LE3-3.c: 90: break;
   573  002E  0008               	return
   574  002F                     i1l594:	
   575                           ;BajanDecierdo_LE3-3.c: 91: default: return 0x00;
   576                           
   577  002F  3000               	movlw	0
   578                           
   579                           ;BajanDecierdo_LE3-3.c: 93: }
   580                           
   581                           ;BajanDecierdo_LE3-3.c: 92: break;
   582  0030  0008               	return
   583  0031                     i1l602:	
   584  0031  0870               	movf	keypress@kpad,w
   585                           
   586                           ; Switch size 1, requested type "space"
   587                           ; Number of cases is 9, Range of values is 0 to 10
   588                           ; switch strategies available:
   589                           ; Name         Instructions Cycles
   590                           ; simple_byte           28    15 (average)
   591                           ; direct_byte           41     8 (fixed)
   592                           ; jumptable            260     6 (fixed)
   593                           ;	Chosen strategy is simple_byte
   594  0032  3A00               	xorlw	0	; case 0
   595  0033  1903               	skipnz
   596  0034  281D               	goto	i1l540
   597  0035  3A01               	xorlw	1	; case 1
   598  0036  1903               	skipnz
   599  0037  281F               	goto	i1l546
   600  0038  3A03               	xorlw	3	; case 2
   601  0039  1903               	skipnz
   602  003A  2821               	goto	i1l552
   603  003B  3A06               	xorlw	6	; case 4
   604  003C  1903               	skipnz
   605  003D  2823               	goto	i1l558
   606  003E  3A01               	xorlw	1	; case 5
   607  003F  1903               	skipnz
   608  0040  2825               	goto	i1l564
   609  0041  3A03               	xorlw	3	; case 6
   610  0042  1903               	skipnz
   611  0043  2827               	goto	i1l570
   612  0044  3A0E               	xorlw	14	; case 8
   613  0045  1903               	skipnz
   614  0046  2829               	goto	i1l576
   615  0047  3A01               	xorlw	1	; case 9
   616  0048  1903               	skipnz
   617  0049  282B               	goto	i1l582
   618  004A  3A03               	xorlw	3	; case 10
   619  004B  1903               	skipnz
   620  004C  282D               	goto	i1l588
   621  004D  282F               	goto	i1l594
   622  004E  0008               	return
   623  004F                     __end_of_keypress:	
   624  007E                     btemp	set	126	;btemp
   625  007E                     wtemp	set	126
   626  007E                     wtemp0	set	126
   627  0080                     wtemp1	set	128
   628  0082                     wtemp2	set	130
   629  0084                     wtemp3	set	132
   630  0086                     wtemp4	set	134
   631  0088                     wtemp5	set	136
   632  007F                     wtemp6	set	127
   633  007E                     ttemp	set	126
   634  007E                     ttemp0	set	126
   635  0081                     ttemp1	set	129
   636  0084                     ttemp2	set	132
   637  0087                     ttemp3	set	135
   638  007F                     ttemp4	set	127
   639  007E                     ltemp	set	126
   640  007E                     ltemp0	set	126
   641  0082                     ltemp1	set	130
   642  0086                     ltemp2	set	134
   643  0080                     ltemp3	set	128


Data Sizes:
    Strings     0
    Constant    0
    Data        0
    BSS         1
    Persistent  0
    Stack       0

Auto Spaces:
    Space          Size  Autos    Used
    COMMON           14      6       8
    BANK0            80      3       3
    BANK1            80      0       0
    BANK3            96      0       0
    BANK2            96      0       0

Pointer List with Targets:

    None.

Critical Paths under _main in COMMON

    None.

Critical Paths under _ISR in COMMON

    _ISR->_keypress

Critical Paths under _main in BANK0

    _main->_delay

Critical Paths under _ISR in BANK0

    None.

Critical Paths under _main in BANK1

    None.

Critical Paths under _ISR in BANK1

    None.

Critical Paths under _main in BANK3

    None.

Critical Paths under _ISR in BANK3

    None.

Critical Paths under _main in BANK2

    None.

Critical Paths under _ISR in BANK2

    None.

Call Graph Tables:

 ---------------------------------------------------------------------------------
 (Depth) Function   	        Calls       Base Space   Used Autos Params    Refs
 ---------------------------------------------------------------------------------
 (0) _main                                                 1     1      0      78
                                              2 BANK0      1     1      0
                              _delay
 ---------------------------------------------------------------------------------
 (1) _delay                                                2     0      2      78
                                              0 BANK0      2     0      2
 ---------------------------------------------------------------------------------
 Estimated maximum stack depth 1
 ---------------------------------------------------------------------------------
 (Depth) Function   	        Calls       Base Space   Used Autos Params    Refs
 ---------------------------------------------------------------------------------
 (2) _ISR                                                  5     5      0      15
                                              1 COMMON     5     5      0
                           _keypress
 ---------------------------------------------------------------------------------
 (3) _keypress                                             1     1      0      15
                                              0 COMMON     1     1      0
 ---------------------------------------------------------------------------------
 Estimated maximum stack depth 3
 ---------------------------------------------------------------------------------

 Call Graph Graphs:

 _main (ROOT)
   _delay

 _ISR (ROOT)
   _keypress

 Address spaces:
Name               Size   Autos  Total    Cost      Usage
BITCOMMON            E      0       1       0        7.1%
EEDATA             100      0       0       0        0.0%
NULL                 0      0       0       0        0.0%
CODE                 0      0       0       0        0.0%
COMMON               E      6       8       1       57.1%
BITSFR0              0      0       0       1        0.0%
SFR0                 0      0       0       1        0.0%
BITSFR1              0      0       0       2        0.0%
SFR1                 0      0       0       2        0.0%
STACK                0      0       0       2        0.0%
ABS                  0      0       B       3        0.0%
BITBANK0            50      0       0       4        0.0%
BITSFR3              0      0       0       4        0.0%
SFR3                 0      0       0       4        0.0%
BANK0               50      3       3       5        3.8%
BITSFR2              0      0       0       5        0.0%
SFR2                 0      0       0       5        0.0%
BITBANK1            50      0       0       6        0.0%
BANK1               50      0       0       7        0.0%
BITBANK3            60      0       0       8        0.0%
BANK3               60      0       0       9        0.0%
BITBANK2            60      0       0      10        0.0%
BANK2               60      0       0      11        0.0%
DATA                 0      0       B      12        0.0%


Microchip Technology PIC Macro Assembler V1.33 build 59893 
Symbol Table                                                                                   Sun Feb 25 21:41:43 2024

            __CFG_CP$OFF 0000                       l46 00AC                      l700 005F  
                    l678 009A                      l696 006B                      _GIE 005F  
                    u105 00A5             __CFG_CPD$OFF 0000                      _ISR 007A  
                    fsr0 0004             __CFG_FOSC$XT 0000             __CFG_LVP$OFF 0000  
                   ?_ISR 0070                     _T0IE 005D                     _T0IF 005A  
                   _INTE 005C                     _INTF 0059                     i1l53 008C  
                   i1l56 008F                     _TMR0 0001             __CFG_WRT$OFF 0000  
                   _main 004F                     btemp 007E            __CFG_BOREN$ON 0000  
                   ltemp 007E                     start 0012                     ttemp 007E  
                   wtemp 007E                    ??_ISR 0071                    ?_main 0070  
          __CFG_WDTE$OFF 0000                    i1l602 0031                    i1l540 001D  
                  i1l552 0021                    i1l570 0027                    i1l546 001F  
                  i1l564 0025                    i1l582 002B                    i1l558 0023  
                  i1l576 0029                    i1l594 002F                    i1l588 002D  
                  _PORTC 0007                    _PORTD 0008                    _TRISB 0086  
                  _TRISC 0087                    _TRISD 0088            __CFG_PWRTE$ON 0000  
                  _delay 009A           __pbitbssCOMMON 03B0                    pclath 000A  
                  ltemp0 007E                    ltemp1 0082                    ltemp2 0086  
                  ltemp3 0080                    ttemp0 007E                    ttemp1 0081  
                  ttemp2 0084                    ttemp3 0087                    ttemp4 007F  
                  status 0003                    wtemp0 007E                    wtemp1 0080  
                  wtemp2 0082                    wtemp3 0084                    wtemp4 0086  
                  wtemp5 0088                    wtemp6 007F          __initialization 0015  
           __end_of_main 007A                   ??_main 0022                   ?_delay 0020  
                 _segCnt 0077         __end_of_keypress 004F                   saved_w 007E  
__end_of__initialization 0017           __pcstackCOMMON 0070            __end_of_delay 00B7  
                ??_delay 0076               __pmaintext 004F               __pintentry 0004  
              ?_keypress 0070                  __ptext0 0000                  __ptext1 009A  
                __ptext2 007A                  __ptext3 001B             __size_of_ISR 0020  
   end_of_initialization 0017               ??_keypress 0070      start_initialization 0015  
            __end_of_ISR 009A             keypress@kpad 0070              __pbssCOMMON 0077  
              ___latbits 0002            __pcstackBANK0 0020        __size_of_keypress 0034  
         __size_of_delay 001D        interrupt_function 0004            __size_of_main 002B  
               _int_flag 03B0                 _keypress 001B           delay@overflows 0020  
               intlevel1 0000               _OPTION_REG 0081  
