

Microchip Technology PIC LITE Macro Assembler V1.33 build 59893 
                                                                                               Sun Mar 10 14:53:32 2024

Microchip Technology Omniscient Code Generator (Lite mode) build 59893
     1                           	processor	16F877A
     2                           	opt	pw 120
     3                           	opt	lm
     4                           	psect	maintext,global,class=CODE,split=1,delta=2
     5                           	psect	cinit,global,class=CODE,merge=1,delta=2
     6                           	psect	cstackCOMMON,global,class=COMMON,space=1,delta=1
     7                           	dabs	1,0x7E,2
     8  0000                     	;# 
     9  0001                     	;# 
    10  0002                     	;# 
    11  0003                     	;# 
    12  0004                     	;# 
    13  0005                     	;# 
    14  0006                     	;# 
    15  0007                     	;# 
    16  0008                     	;# 
    17  0009                     	;# 
    18  000A                     	;# 
    19  000B                     	;# 
    20  000C                     	;# 
    21  000D                     	;# 
    22  000E                     	;# 
    23  000E                     	;# 
    24  000F                     	;# 
    25  0010                     	;# 
    26  0011                     	;# 
    27  0012                     	;# 
    28  0013                     	;# 
    29  0014                     	;# 
    30  0015                     	;# 
    31  0015                     	;# 
    32  0016                     	;# 
    33  0017                     	;# 
    34  0018                     	;# 
    35  0019                     	;# 
    36  001A                     	;# 
    37  001B                     	;# 
    38  001B                     	;# 
    39  001C                     	;# 
    40  001D                     	;# 
    41  001E                     	;# 
    42  001F                     	;# 
    43  0081                     	;# 
    44  0085                     	;# 
    45  0086                     	;# 
    46  0087                     	;# 
    47  0088                     	;# 
    48  0089                     	;# 
    49  008C                     	;# 
    50  008D                     	;# 
    51  008E                     	;# 
    52  0091                     	;# 
    53  0092                     	;# 
    54  0093                     	;# 
    55  0094                     	;# 
    56  0098                     	;# 
    57  0099                     	;# 
    58  009C                     	;# 
    59  009D                     	;# 
    60  009E                     	;# 
    61  009F                     	;# 
    62  010C                     	;# 
    63  010D                     	;# 
    64  010E                     	;# 
    65  010F                     	;# 
    66  018C                     	;# 
    67  018D                     	;# 
    68  0030                     _RB0	set	48
    69  0031                     _RB1	set	49
    70  0430                     _TRISB0	set	1072
    71  0431                     _TRISB1	set	1073
    72                           
    73                           	psect	maintext
    74  07F2                     __pmaintext:	
    75                           ; #config settings
    76                           
    77                           
    78                           ;psect for function _main
    79  0000                     
    80                           ; 0 bytes @ 0x0
    81 ;;
    82 ;;Main: autosize = 0, tempsize = 0, incstack = 0, save=0
    83 ;;
    84 ;; *************** function _main *****************
    85 ;; Defined at:
    86 ;;		line 15 in file "D:\uni_2023-2024\cpe3201\embedded-systems\LabExer\LE1\works-win86\DECIERDO_PA1.c"
    87 ;; Parameters:    Size  Location     Type
    88 ;;		None
    89 ;; Auto vars:     Size  Location     Type
    90 ;;		None
    91 ;; Return value:  Size  Location     Type
    92 ;;		None               void
    93 ;; Registers used:
    94 ;;		None
    95 ;; Tracked objects:
    96 ;;		On entry : 17F/0
    97 ;;		On exit  : 0/0
    98 ;;		Unchanged: 0/0
    99 ;; Data sizes:     COMMON   BANK0   BANK1   BANK3   BANK2
   100 ;;      Params:         0       0       0       0       0
   101 ;;      Locals:         0       0       0       0       0
   102 ;;      Temps:          0       0       0       0       0
   103 ;;      Totals:         0       0       0       0       0
   104 ;;Total ram usage:        0 bytes
   105 ;; This function calls:
   106 ;;		Nothing
   107 ;; This function is called by:
   108 ;;		Startup code after reset
   109 ;; This function uses a non-reentrant model
   110 ;;
   111  07F2                     _main:	
   112                           
   113                           ;DECIERDO_PA1.c: 16: TRISB0 = 1;
   114                           
   115                           ;incstack = 0
   116                           ; Regs used in _main: []
   117  07F2  1683               	bsf	3,5	;RP0=1, select bank1
   118  07F3  1303               	bcf	3,6	;RP1=0, select bank1
   119  07F4  1406               	bsf	6,0	;volatile
   120  07F5  2FFA               	goto	L1
   121  07F6                     l475:	
   122                           ;DECIERDO_PA1.c: 17: TRISB1 = 0;
   123                           
   124                           
   125                           ;DECIERDO_PA1.c: 21: RB1 = 1;
   126  07F6  1486               	bsf	6,1	;volatile
   127  07F7                     l11:	
   128                           ;DECIERDO_PA1.c: 19: while(1) {
   129                           
   130                           ;DECIERDO_PA1.c: 22: } else {
   131                           
   132                           
   133                           ;DECIERDO_PA1.c: 20: if (RB0 == 1) {
   134  07F7  1283               	bcf	3,5	;RP0=0, select bank0
   135  07F8  1806               	btfsc	6,0	;volatile
   136  07F9  2FF6               	goto	l475
   137  07FA                     L1:	
   138                           
   139                           ;DECIERDO_PA1.c: 23: RB1 = 0;
   140  07FA  1086               	bcf	6,1	;volatile
   141  07FB  2FF7               	goto	l11
   142  07FC                     __end_of_main:	
   143  007E                     btemp	set	126	;btemp
   144  007E                     wtemp	set	126
   145  007E                     wtemp0	set	126
   146  0080                     wtemp1	set	128
   147  0082                     wtemp2	set	130
   148  0084                     wtemp3	set	132
   149  0086                     wtemp4	set	134
   150  0088                     wtemp5	set	136
   151  007F                     wtemp6	set	127
   152  007E                     ttemp	set	126
   153  007E                     ttemp0	set	126
   154  0081                     ttemp1	set	129
   155  0084                     ttemp2	set	132
   156  0087                     ttemp3	set	135
   157  007F                     ttemp4	set	127
   158  007E                     ltemp	set	126
   159  007E                     ltemp0	set	126
   160  0082                     ltemp1	set	130
   161  0086                     ltemp2	set	134
   162  0080                     ltemp3	set	128
   163                           
   164                           	psect	cinit
   165  07FC                     start_initialization:	
   166  07FC                     __initialization:	
   167  07FC                     end_of_initialization:	
   168                           ;End of C runtime variable initialization code
   169                           
   170  07FC                     __end_of__initialization:	
   171  07FC  0183               	clrf	3
   172  07FD  120A  118A  2FF2   	ljmp	_main	;jump to C main() function
   173                           
   174                           	psect	cstackCOMMON
   175  0000                     __pcstackCOMMON:	
   176  0000                     ?_main:	
   177  0000                     ??_main:	
   178                           ; 0 bytes @ 0x0
   179                           


Data Sizes:
    Strings     0
    Constant    0
    Data        0
    BSS         0
    Persistent  0
    Stack       0

Auto Spaces:
    Space          Size  Autos    Used
    COMMON           14      0       0
    BANK0            80      0       0
    BANK1            80      0       0
    BANK3            96      0       0
    BANK2            96      0       0

Pointer List with Targets:

    None.

Critical Paths under _main in COMMON

    None.

Critical Paths under _main in BANK0

    None.

Critical Paths under _main in BANK1

    None.

Critical Paths under _main in BANK3

    None.

Critical Paths under _main in BANK2

    None.

Call Graph Tables:

 ---------------------------------------------------------------------------------
 (Depth) Function   	        Calls       Base Space   Used Autos Params    Refs
 ---------------------------------------------------------------------------------
 (0) _main                                                 0     0      0       0
 ---------------------------------------------------------------------------------
 Estimated maximum stack depth 0
 ---------------------------------------------------------------------------------

 Call Graph Graphs:

 _main (ROOT)

 Address spaces:
Name               Size   Autos  Total    Cost      Usage
BITCOMMON            E      0       0       0        0.0%
EEDATA             100      0       0       0        0.0%
NULL                 0      0       0       0        0.0%
CODE                 0      0       0       0        0.0%
COMMON               E      0       0       1        0.0%
BITSFR0              0      0       0       1        0.0%
SFR0                 0      0       0       1        0.0%
BITSFR1              0      0       0       2        0.0%
SFR1                 0      0       0       2        0.0%
STACK                0      0       0       2        0.0%
ABS                  0      0       0       3        0.0%
BITBANK0            50      0       0       4        0.0%
BITSFR3              0      0       0       4        0.0%
SFR3                 0      0       0       4        0.0%
BANK0               50      0       0       5        0.0%
BITSFR2              0      0       0       5        0.0%
SFR2                 0      0       0       5        0.0%
BITBANK1            50      0       0       6        0.0%
BANK1               50      0       0       7        0.0%
BITBANK3            60      0       0       8        0.0%
BANK3               60      0       0       9        0.0%
BITBANK2            60      0       0      10        0.0%
BANK2               60      0       0      11        0.0%
DATA                 0      0       0      12        0.0%


Microchip Technology PIC Macro Assembler V1.33 build 59893 
Symbol Table                                                                                   Sun Mar 10 14:53:32 2024

            __CFG_CP$OFF 0000                       l11 07F7                      l475 07F6  
                    _RB0 0030                      _RB1 0031             __CFG_CPD$OFF 0000  
           __CFG_FOSC$HS 0000             __CFG_LVP$OFF 0000             __CFG_WRT$OFF 0000  
                   _main 07F2                     btemp 007E            __CFG_BOREN$ON 0000  
                   ltemp 007E                     start 0000                     ttemp 007E  
                   wtemp 007E                    ?_main 0000            __CFG_WDTE$OFF 0000  
                  ltemp0 007E                    ltemp1 0082                    ltemp2 0086  
                  ltemp3 0080                    ttemp0 007E                    ttemp1 0081  
                  ttemp2 0084                    ttemp3 0087                    ttemp4 007F  
                  status 0003                    wtemp0 007E                    wtemp1 0080  
                  wtemp2 0082                    wtemp3 0084                    wtemp4 0086  
                  wtemp5 0088                    wtemp6 007F          __initialization 07FC  
           __end_of_main 07FC                   ??_main 0000                   _TRISB0 0430  
                 _TRISB1 0431           __CFG_PWRTE$OFF 0000  __end_of__initialization 07FC  
         __pcstackCOMMON 0000               __pmaintext 07F2     end_of_initialization 07FC  
    start_initialization 07FC                ___latbits 0002            __size_of_main 000A  
