

Microchip Technology PIC LITE Macro Assembler V1.33 build 59893 
                                                                                               Mon Feb 12 19:44:41 2024

Microchip Technology Omniscient Code Generator (Lite mode) build 59893
     1                           	processor	16F877A
     2                           	opt	pw 120
     3                           	opt	lm
     4                           	psect	text0,local,class=CODE,merge=1,delta=2
     5                           	psect	cinit,global,class=CODE,merge=1,delta=2
     6                           	psect	cstackCOMMON,global,class=COMMON,space=1,delta=1
     7                           	psect	maintext,global,class=CODE,split=1,delta=2
     8                           	psect	text1,local,class=CODE,merge=1,delta=2
     9                           	psect	text2,local,class=CODE,merge=1,delta=2
    10                           	psect	text3,local,class=CODE,merge=1,delta=2
    11                           	psect	text4,local,class=CODE,merge=1,delta=2
    12                           	psect	text5,local,class=CODE,merge=1,delta=2
    13                           	dabs	1,0x7E,2
    14  0000                     	;# 
    15  0001                     	;# 
    16  0002                     	;# 
    17  0003                     	;# 
    18  0004                     	;# 
    19  0005                     	;# 
    20  0006                     	;# 
    21  0007                     	;# 
    22  0008                     	;# 
    23  0009                     	;# 
    24  000A                     	;# 
    25  000B                     	;# 
    26  000C                     	;# 
    27  000D                     	;# 
    28  000E                     	;# 
    29  000E                     	;# 
    30  000F                     	;# 
    31  0010                     	;# 
    32  0011                     	;# 
    33  0012                     	;# 
    34  0013                     	;# 
    35  0014                     	;# 
    36  0015                     	;# 
    37  0015                     	;# 
    38  0016                     	;# 
    39  0017                     	;# 
    40  0018                     	;# 
    41  0019                     	;# 
    42  001A                     	;# 
    43  001B                     	;# 
    44  001B                     	;# 
    45  001C                     	;# 
    46  001D                     	;# 
    47  001E                     	;# 
    48  001F                     	;# 
    49  0081                     	;# 
    50  0085                     	;# 
    51  0086                     	;# 
    52  0087                     	;# 
    53  0088                     	;# 
    54  0089                     	;# 
    55  008C                     	;# 
    56  008D                     	;# 
    57  008E                     	;# 
    58  0091                     	;# 
    59  0092                     	;# 
    60  0093                     	;# 
    61  0094                     	;# 
    62  0098                     	;# 
    63  0099                     	;# 
    64  009C                     	;# 
    65  009D                     	;# 
    66  009E                     	;# 
    67  009F                     	;# 
    68  010C                     	;# 
    69  010D                     	;# 
    70  010E                     	;# 
    71  010F                     	;# 
    72  018C                     	;# 
    73  018D                     	;# 
    74  0006                     _PORTB	set	6
    75  0008                     _PORTD	set	8
    76  0038                     _RC0	set	56
    77  0039                     _RC1	set	57
    78  003A                     _RC2	set	58
    79  0044                     _RD4	set	68
    80  0086                     _TRISB	set	134
    81  0087                     _TRISC	set	135
    82  0088                     _TRISD	set	136
    83                           
    84                           	psect	text0
    85  0000                     __ptext0:	
    86                           ; #config settings
    87                           
    88                           
    89                           ;psect for function _delay
    90  0000                     
    91                           	psect	cinit
    92  07FC                     start_initialization:	
    93  07FC                     __initialization:	
    94  07FC                     end_of_initialization:	
    95                           ;End of C runtime variable initialization code
    96                           
    97  07FC                     __end_of__initialization:	
    98  07FC  0183               	clrf	3
    99  07FD  120A  118A  2F86   	ljmp	_main	;jump to C main() function
   100                           
   101                           	psect	cstackCOMMON
   102  0070                     __pcstackCOMMON:	
   103  0070                     ?_initLCD:	
   104  0070                     ?_keypad:	
   105                           ; 0 bytes @ 0x0
   106                           
   107  0070                     ?_dataCtrl:	
   108                           ; 0 bytes @ 0x0
   109                           
   110  0070                     ?_delay:	
   111                           ; 0 bytes @ 0x0
   112                           
   113  0070                     ?_main:	
   114                           ; 0 bytes @ 0x0
   115                           
   116  0070                     ?_instCtrl:	
   117                           ; 0 bytes @ 0x0
   118                           
   119  0070                     delay@cnt:	
   120                           ; 0 bytes @ 0x0
   121                           
   122                           
   123                           ; 2 bytes @ 0x0
   124  0070                     	ds	2
   125  0072                     ??_delay:	
   126                           
   127                           ; 0 bytes @ 0x2
   128  0072                     	ds	1
   129  0073                     delay@i:	
   130                           
   131                           ; 2 bytes @ 0x3
   132  0073                     	ds	2
   133  0075                     delay@j:	
   134                           
   135                           ; 2 bytes @ 0x5
   136  0075                     	ds	2
   137  0077                     ??_dataCtrl:	
   138  0077                     ??_instCtrl:	
   139                           ; 0 bytes @ 0x7
   140                           
   141  0077                     instCtrl@INST:	
   142                           ; 0 bytes @ 0x7
   143                           
   144  0077                     dataCtrl@INST:	
   145                           ; 1 bytes @ 0x7
   146                           
   147                           
   148                           ; 1 bytes @ 0x7
   149  0077                     	ds	1
   150  0078                     ??_initLCD:	
   151  0078                     ??_keypad:	
   152                           ; 0 bytes @ 0x8
   153                           
   154  0078                     keypad@kpad:	
   155                           ; 0 bytes @ 0x8
   156                           
   157                           
   158                           ; 1 bytes @ 0x8
   159  0078                     	ds	1
   160  0079                     ??_main:	
   161                           
   162                           ; 0 bytes @ 0x9
   163  0079                     	ds	1
   164  007A                     main@bound:	
   165                           
   166                           ; 2 bytes @ 0xA
   167  007A                     	ds	2
   168  007C                     main@kpad:	
   169                           
   170                           ; 1 bytes @ 0xC
   171  007C                     	ds	1
   172                           
   173                           	psect	maintext
   174  0786                     __pmaintext:	
   175 ;;
   176 ;;Main: autosize = 0, tempsize = 1, incstack = 0, save=0
   177 ;;
   178 ;; *************** function _main *****************
   179 ;; Defined at:
   180 ;;		line 18 in file "D:\uni_2023-2024\cpe3201\embedded-systems\LabExer\LE2\LE2-3\works-win86\DECIERDO_LE2-3.c"
   181 ;; Parameters:    Size  Location     Type
   182 ;;		None
   183 ;; Auto vars:     Size  Location     Type
   184 ;;  bound           2   10[COMMON] int 
   185 ;;  kpad            1   12[COMMON] unsigned char 
   186 ;; Return value:  Size  Location     Type
   187 ;;		None               void
   188 ;; Registers used:
   189 ;;		wreg, fsr0l, fsr0h, status,2, status,0, btemp+1, pclath, cstack
   190 ;; Tracked objects:
   191 ;;		On entry : 17F/0
   192 ;;		On exit  : 0/0
   193 ;;		Unchanged: 0/0
   194 ;; Data sizes:     COMMON   BANK0   BANK1   BANK3   BANK2
   195 ;;      Params:         0       0       0       0       0
   196 ;;      Locals:         3       0       0       0       0
   197 ;;      Temps:          1       0       0       0       0
   198 ;;      Totals:         4       0       0       0       0
   199 ;;Total ram usage:        4 bytes
   200 ;; Hardware stack levels required when called:    3
   201 ;; This function calls:
   202 ;;		_initLCD
   203 ;;		_keypad
   204 ;; This function is called by:
   205 ;;		Startup code after reset
   206 ;; This function uses a non-reentrant model
   207 ;;
   208                           
   209                           
   210                           ;psect for function _main
   211  0786                     _main:	
   212                           
   213                           ;DECIERDO_LE2-3.c: 20: TRISB = 0x00;
   214                           
   215                           ;incstack = 0
   216                           ; Regs used in _main: [wreg-fsr0h+status,2+status,0+btemp+1+pclath+cstack]
   217  0786  1683               	bsf	3,5	;RP0=1, select bank1
   218  0787  1303               	bcf	3,6	;RP1=0, select bank1
   219  0788  0186               	clrf	6	;volatile
   220                           
   221                           ;DECIERDO_LE2-3.c: 21: TRISC = 0x00;
   222  0789  0187               	clrf	7	;volatile
   223                           
   224                           ;DECIERDO_LE2-3.c: 22: TRISD = 0x0F;
   225  078A  300F               	movlw	15
   226  078B  0088               	movwf	8	;volatile
   227                           
   228                           ;DECIERDO_LE2-3.c: 24: unsigned char kpad;
   229                           ;DECIERDO_LE2-3.c: 25: int bound = 0;
   230  078C  01FA               	clrf	main@bound
   231  078D  01FB               	clrf	main@bound+1
   232                           
   233                           ;DECIERDO_LE2-3.c: 26: initLCD();
   234  078E  120A  118A  27A3  120A  118A  	fcall	_initLCD
   235  0793                     l568:	
   236                           ;DECIERDO_LE2-3.c: 28: for(;;)
   237                           
   238                           
   239                           ;DECIERDO_LE2-3.c: 29: {
   240                           ;DECIERDO_LE2-3.c: 30: if(RD4 == 1)
   241  0793  1283               	bcf	3,5	;RP0=0, select bank0
   242  0794  1303               	bcf	3,6	;RP1=0, select bank0
   243  0795  1E08               	btfss	8,4	;volatile
   244  0796  2F93               	goto	l568
   245                           
   246                           ;DECIERDO_LE2-3.c: 31: {
   247                           ;DECIERDO_LE2-3.c: 32: kpad = PORTD & 0x0F;
   248  0797  0808               	movf	8,w	;volatile
   249  0798  390F               	andlw	15
   250  0799  00F9               	movwf	??_main
   251  079A  0879               	movf	??_main,w
   252  079B  00FC               	movwf	main@kpad
   253                           
   254                           ;DECIERDO_LE2-3.c: 33: keypad(kpad);
   255  079C  087C               	movf	main@kpad,w
   256  079D  120A  118A  2753  120A  118A  	fcall	_keypad
   257                           
   258                           ;DECIERDO_LE2-3.c: 34: }
   259                           ;DECIERDO_LE2-3.c: 36: }
   260  07A2  2F93               	goto	l568
   261  07A3                     __end_of_main:	
   262                           
   263                           	psect	text1
   264  0753                     __ptext1:	
   265 ;; *************** function _keypad *****************
   266 ;; Defined at:
   267 ;;		line 39 in file "D:\uni_2023-2024\cpe3201\embedded-systems\LabExer\LE2\LE2-3\works-win86\DECIERDO_LE2-3.c"
   268 ;; Parameters:    Size  Location     Type
   269 ;;  kpad            1    wreg     unsigned char 
   270 ;; Auto vars:     Size  Location     Type
   271 ;;  kpad            1    8[COMMON] unsigned char 
   272 ;; Return value:  Size  Location     Type
   273 ;;		None               void
   274 ;; Registers used:
   275 ;;		wreg, fsr0l, fsr0h, status,2, status,0, btemp+1, pclath, cstack
   276 ;; Tracked objects:
   277 ;;		On entry : 0/0
   278 ;;		On exit  : 0/0
   279 ;;		Unchanged: 0/0
   280 ;; Data sizes:     COMMON   BANK0   BANK1   BANK3   BANK2
   281 ;;      Params:         0       0       0       0       0
   282 ;;      Locals:         1       0       0       0       0
   283 ;;      Temps:          0       0       0       0       0
   284 ;;      Totals:         1       0       0       0       0
   285 ;;Total ram usage:        1 bytes
   286 ;; Hardware stack levels used:    1
   287 ;; Hardware stack levels required when called:    2
   288 ;; This function calls:
   289 ;;		_dataCtrl
   290 ;; This function is called by:
   291 ;;		_main
   292 ;; This function uses a non-reentrant model
   293 ;;
   294                           
   295                           
   296                           ;psect for function _keypad
   297  0753                     _keypad:	
   298                           
   299                           ;incstack = 0
   300                           ; Regs used in _keypad: [wreg-fsr0h+status,2+status,0+btemp+1+pclath+cstack]
   301                           ;keypad@kpad stored from wreg
   302  0753  00F8               	movwf	keypad@kpad
   303                           
   304                           ;DECIERDO_LE2-3.c: 41: switch(kpad)
   305  0754  2F5A               	goto	l558
   306  0755                     l554:	
   307                           ;DECIERDO_LE2-3.c: 42: {
   308                           ;DECIERDO_LE2-3.c: 43: case 0x00: dataCtrl('1');
   309                           
   310  0755  3031               	movlw	49
   311  0756  120A  118A  2773   	fcall	_dataCtrl
   312                           
   313                           ;DECIERDO_LE2-3.c: 45: }
   314                           
   315                           ;DECIERDO_LE2-3.c: 44: break;
   316  0759  0008               	return
   317  075A                     l558:	
   318  075A  0878               	movf	keypad@kpad,w
   319                           
   320                           ; Switch size 1, requested type "space"
   321                           ; Number of cases is 1, Range of values is 0 to 0
   322                           ; switch strategies available:
   323                           ; Name         Instructions Cycles
   324                           ; simple_byte            4     3 (average)
   325                           ; direct_byte           11     8 (fixed)
   326                           ; jumptable            260     6 (fixed)
   327                           ;	Chosen strategy is simple_byte
   328  075B  3A00               	xorlw	0	; case 0
   329  075C  1903               	skipnz
   330  075D  2F55               	goto	l554
   331  075E  2F5F               	goto	l38
   332  075F                     l38:	
   333  075F  0008               	return
   334  0760                     __end_of_keypad:	
   335                           
   336                           	psect	text2
   337  0773                     __ptext2:	
   338 ;; *************** function _dataCtrl *****************
   339 ;; Defined at:
   340 ;;		line 58 in file "D:\uni_2023-2024\cpe3201\embedded-systems\LabExer\LE2\LE2-3\works-win86\DECIERDO_LE2-3.c"
   341 ;; Parameters:    Size  Location     Type
   342 ;;  INST            1    wreg     unsigned char 
   343 ;; Auto vars:     Size  Location     Type
   344 ;;  INST            1    7[COMMON] unsigned char 
   345 ;; Return value:  Size  Location     Type
   346 ;;		None               void
   347 ;; Registers used:
   348 ;;		wreg, status,2, status,0, btemp+1, pclath, cstack
   349 ;; Tracked objects:
   350 ;;		On entry : 0/0
   351 ;;		On exit  : 0/0
   352 ;;		Unchanged: 0/0
   353 ;; Data sizes:     COMMON   BANK0   BANK1   BANK3   BANK2
   354 ;;      Params:         0       0       0       0       0
   355 ;;      Locals:         1       0       0       0       0
   356 ;;      Temps:          0       0       0       0       0
   357 ;;      Totals:         1       0       0       0       0
   358 ;;Total ram usage:        1 bytes
   359 ;; Hardware stack levels used:    1
   360 ;; Hardware stack levels required when called:    1
   361 ;; This function calls:
   362 ;;		_delay
   363 ;; This function is called by:
   364 ;;		_keypad
   365 ;; This function uses a non-reentrant model
   366 ;;
   367                           
   368                           
   369                           ;psect for function _dataCtrl
   370  0773                     _dataCtrl:	
   371                           
   372                           ;incstack = 0
   373                           ; Regs used in _dataCtrl: [wreg+status,2+status,0+btemp+1+pclath+cstack]
   374                           ;dataCtrl@INST stored from wreg
   375  0773  00F7               	movwf	dataCtrl@INST
   376                           
   377                           ;DECIERDO_LE2-3.c: 60: PORTB = INST;
   378  0774  0877               	movf	dataCtrl@INST,w
   379  0775  1283               	bcf	3,5	;RP0=0, select bank0
   380  0776  1303               	bcf	3,6	;RP1=0, select bank0
   381  0777  0086               	movwf	6	;volatile
   382                           
   383                           ;DECIERDO_LE2-3.c: 61: RC0 = 1;
   384  0778  1407               	bsf	7,0	;volatile
   385                           
   386                           ;DECIERDO_LE2-3.c: 62: RC1 = 0;
   387  0779  1087               	bcf	7,1	;volatile
   388                           
   389                           ;DECIERDO_LE2-3.c: 63: RC2 = 1;
   390  077A  1507               	bsf	7,2	;volatile
   391                           
   392                           ;DECIERDO_LE2-3.c: 64: delay(5);
   393  077B  3005               	movlw	5
   394  077C  00F0               	movwf	delay@cnt
   395  077D  3000               	movlw	0
   396  077E  00F1               	movwf	delay@cnt+1
   397  077F  120A  118A  27C9   	fcall	_delay
   398                           
   399                           ;DECIERDO_LE2-3.c: 65: RC2 = 0;
   400  0782  1283               	bcf	3,5	;RP0=0, select bank0
   401  0783  1303               	bcf	3,6	;RP1=0, select bank0
   402  0784  1107               	bcf	7,2	;volatile
   403  0785  0008               	return
   404  0786                     __end_of_dataCtrl:	
   405                           
   406                           	psect	text3
   407  07A3                     __ptext3:	
   408 ;; *************** function _initLCD *****************
   409 ;; Defined at:
   410 ;;		line 68 in file "D:\uni_2023-2024\cpe3201\embedded-systems\LabExer\LE2\LE2-3\works-win86\DECIERDO_LE2-3.c"
   411 ;; Parameters:    Size  Location     Type
   412 ;;		None
   413 ;; Auto vars:     Size  Location     Type
   414 ;;		None
   415 ;; Return value:  Size  Location     Type
   416 ;;		None               void
   417 ;; Registers used:
   418 ;;		wreg, status,2, status,0, btemp+1, pclath, cstack
   419 ;; Tracked objects:
   420 ;;		On entry : 0/0
   421 ;;		On exit  : 0/0
   422 ;;		Unchanged: 0/0
   423 ;; Data sizes:     COMMON   BANK0   BANK1   BANK3   BANK2
   424 ;;      Params:         0       0       0       0       0
   425 ;;      Locals:         0       0       0       0       0
   426 ;;      Temps:          0       0       0       0       0
   427 ;;      Totals:         0       0       0       0       0
   428 ;;Total ram usage:        0 bytes
   429 ;; Hardware stack levels used:    1
   430 ;; Hardware stack levels required when called:    2
   431 ;; This function calls:
   432 ;;		_delay
   433 ;;		_instCtrl
   434 ;; This function is called by:
   435 ;;		_main
   436 ;; This function uses a non-reentrant model
   437 ;;
   438                           
   439                           
   440                           ;psect for function _initLCD
   441  07A3                     _initLCD:	
   442                           
   443                           ;DECIERDO_LE2-3.c: 70: instCtrl(0x38);
   444                           
   445                           ;incstack = 0
   446                           ; Regs used in _initLCD: [wreg+status,2+status,0+btemp+1+pclath+cstack]
   447  07A3  3038               	movlw	56
   448  07A4  120A  118A  2760  120A  118A  	fcall	_instCtrl
   449                           
   450                           ;DECIERDO_LE2-3.c: 71: delay(10);
   451  07A9  300A               	movlw	10
   452  07AA  00F0               	movwf	delay@cnt
   453  07AB  3000               	movlw	0
   454  07AC  00F1               	movwf	delay@cnt+1
   455  07AD  120A  118A  27C9  120A  118A  	fcall	_delay
   456                           
   457                           ;DECIERDO_LE2-3.c: 72: instCtrl(0x0C);
   458  07B2  300C               	movlw	12
   459  07B3  120A  118A  2760  120A  118A  	fcall	_instCtrl
   460                           
   461                           ;DECIERDO_LE2-3.c: 73: instCtrl(0x01);
   462  07B8  3001               	movlw	1
   463  07B9  120A  118A  2760  120A  118A  	fcall	_instCtrl
   464                           
   465                           ;DECIERDO_LE2-3.c: 74: instCtrl(0x06);
   466  07BE  3006               	movlw	6
   467  07BF  120A  118A  2760  120A  118A  	fcall	_instCtrl
   468                           
   469                           ;DECIERDO_LE2-3.c: 75: instCtrl(0x0f);
   470  07C4  300F               	movlw	15
   471  07C5  120A  118A  2760   	fcall	_instCtrl
   472  07C8  0008               	return
   473  07C9                     __end_of_initLCD:	
   474                           
   475                           	psect	text4
   476  0760                     __ptext4:	
   477 ;; *************** function _instCtrl *****************
   478 ;; Defined at:
   479 ;;		line 48 in file "D:\uni_2023-2024\cpe3201\embedded-systems\LabExer\LE2\LE2-3\works-win86\DECIERDO_LE2-3.c"
   480 ;; Parameters:    Size  Location     Type
   481 ;;  INST            1    wreg     unsigned char 
   482 ;; Auto vars:     Size  Location     Type
   483 ;;  INST            1    7[COMMON] unsigned char 
   484 ;; Return value:  Size  Location     Type
   485 ;;		None               void
   486 ;; Registers used:
   487 ;;		wreg, status,2, status,0, btemp+1, pclath, cstack
   488 ;; Tracked objects:
   489 ;;		On entry : 0/0
   490 ;;		On exit  : 0/0
   491 ;;		Unchanged: 0/0
   492 ;; Data sizes:     COMMON   BANK0   BANK1   BANK3   BANK2
   493 ;;      Params:         0       0       0       0       0
   494 ;;      Locals:         1       0       0       0       0
   495 ;;      Temps:          0       0       0       0       0
   496 ;;      Totals:         1       0       0       0       0
   497 ;;Total ram usage:        1 bytes
   498 ;; Hardware stack levels used:    1
   499 ;; Hardware stack levels required when called:    1
   500 ;; This function calls:
   501 ;;		_delay
   502 ;; This function is called by:
   503 ;;		_initLCD
   504 ;; This function uses a non-reentrant model
   505 ;;
   506                           
   507                           
   508                           ;psect for function _instCtrl
   509  0760                     _instCtrl:	
   510                           
   511                           ;incstack = 0
   512                           ; Regs used in _instCtrl: [wreg+status,2+status,0+btemp+1+pclath+cstack]
   513                           ;instCtrl@INST stored from wreg
   514  0760  00F7               	movwf	instCtrl@INST
   515                           
   516                           ;DECIERDO_LE2-3.c: 50: PORTB = INST;
   517  0761  0877               	movf	instCtrl@INST,w
   518  0762  1283               	bcf	3,5	;RP0=0, select bank0
   519  0763  1303               	bcf	3,6	;RP1=0, select bank0
   520  0764  0086               	movwf	6	;volatile
   521                           
   522                           ;DECIERDO_LE2-3.c: 51: RC0 = 0;
   523  0765  1007               	bcf	7,0	;volatile
   524                           
   525                           ;DECIERDO_LE2-3.c: 52: RC1 = 0;
   526  0766  1087               	bcf	7,1	;volatile
   527                           
   528                           ;DECIERDO_LE2-3.c: 53: RC2 = 1;
   529  0767  1507               	bsf	7,2	;volatile
   530                           
   531                           ;DECIERDO_LE2-3.c: 54: delay(5);
   532  0768  3005               	movlw	5
   533  0769  00F0               	movwf	delay@cnt
   534  076A  3000               	movlw	0
   535  076B  00F1               	movwf	delay@cnt+1
   536  076C  120A  118A  27C9   	fcall	_delay
   537                           
   538                           ;DECIERDO_LE2-3.c: 55: RC2 = 0;
   539  076F  1283               	bcf	3,5	;RP0=0, select bank0
   540  0770  1303               	bcf	3,6	;RP1=0, select bank0
   541  0771  1107               	bcf	7,2	;volatile
   542  0772  0008               	return
   543  0773                     __end_of_instCtrl:	
   544                           
   545                           	psect	text5
   546  07C9                     __ptext5:	
   547 ;; *************** function _delay *****************
   548 ;; Defined at:
   549 ;;		line 78 in file "D:\uni_2023-2024\cpe3201\embedded-systems\LabExer\LE2\LE2-3\works-win86\DECIERDO_LE2-3.c"
   550 ;; Parameters:    Size  Location     Type
   551 ;;  cnt             2    0[COMMON] int 
   552 ;; Auto vars:     Size  Location     Type
   553 ;;  j               2    5[COMMON] int 
   554 ;;  i               2    3[COMMON] int 
   555 ;; Return value:  Size  Location     Type
   556 ;;		None               void
   557 ;; Registers used:
   558 ;;		wreg, status,2, btemp+1
   559 ;; Tracked objects:
   560 ;;		On entry : 0/0
   561 ;;		On exit  : 0/0
   562 ;;		Unchanged: 0/0
   563 ;; Data sizes:     COMMON   BANK0   BANK1   BANK3   BANK2
   564 ;;      Params:         2       0       0       0       0
   565 ;;      Locals:         4       0       0       0       0
   566 ;;      Temps:          1       0       0       0       0
   567 ;;      Totals:         7       0       0       0       0
   568 ;;Total ram usage:        7 bytes
   569 ;; Hardware stack levels used:    1
   570 ;; This function calls:
   571 ;;		Nothing
   572 ;; This function is called by:
   573 ;;		_instCtrl
   574 ;;		_dataCtrl
   575 ;;		_initLCD
   576 ;; This function uses a non-reentrant model
   577 ;;
   578                           
   579                           
   580                           ;psect for function _delay
   581  07C9                     _delay:	
   582                           
   583                           ;DECIERDO_LE2-3.c: 80: int i, j;
   584                           ;DECIERDO_LE2-3.c: 81: for(i=0;i<cnt;i++)
   585                           
   586                           ;incstack = 0
   587                           ; Regs used in _delay: [wreg+status,2+btemp+1]
   588  07C9  01F3               	clrf	delay@i
   589  07CA  01F4               	clrf	delay@i+1
   590  07CB                     l50:	
   591  07CB  0874               	movf	delay@i+1,w
   592  07CC  3A80               	xorlw	128
   593  07CD  00F2               	movwf	??_delay
   594  07CE  0871               	movf	delay@cnt+1,w
   595  07CF  3A80               	xorlw	128
   596  07D0  0272               	subwf	??_delay,w
   597  07D1  1D03               	skipz
   598  07D2  2FD5               	goto	u35
   599  07D3  0870               	movf	delay@cnt,w
   600  07D4  0273               	subwf	delay@i,w
   601  07D5                     u35:	
   602  07D5  1803               	btfsc	3,0
   603  07D6  0008               	return
   604                           
   605                           ;DECIERDO_LE2-3.c: 82: {
   606                           ;DECIERDO_LE2-3.c: 83: for(j=0;j<9999;j++);
   607  07D7  01F5               	clrf	delay@j
   608  07D8  01F6               	clrf	delay@j+1
   609  07D9  0876               	movf	delay@j+1,w
   610  07DA  3A80               	xorlw	128
   611  07DB  00FF               	movwf	127
   612  07DC  30A7               	movlw	167
   613  07DD  027F               	subwf	127,w
   614  07DE  1D03               	skipz
   615  07DF  2FE2               	goto	u15
   616  07E0  300F               	movlw	15
   617  07E1  0275               	subwf	delay@j,w
   618  07E2                     u15:	
   619  07E2  1803               	btfsc	3,0
   620  07E3  2FF5               	goto	l524
   621  07E4                     l520:	
   622  07E4  3001               	movlw	1
   623  07E5  07F5               	addwf	delay@j,f
   624  07E6  1803               	skipnc
   625  07E7  0AF6               	incf	delay@j+1,f
   626  07E8  3000               	movlw	0
   627  07E9  07F6               	addwf	delay@j+1,f
   628  07EA  0876               	movf	delay@j+1,w
   629  07EB  3A80               	xorlw	128
   630  07EC  00FF               	movwf	127
   631  07ED  30A7               	movlw	167
   632  07EE  027F               	subwf	127,w
   633  07EF  1D03               	skipz
   634  07F0  2FF3               	goto	u25
   635  07F1  300F               	movlw	15
   636  07F2  0275               	subwf	delay@j,w
   637  07F3                     u25:	
   638  07F3  1C03               	skipc
   639  07F4  2FE4               	goto	l520
   640  07F5                     l524:	
   641  07F5  3001               	movlw	1
   642  07F6  07F3               	addwf	delay@i,f
   643  07F7  1803               	skipnc
   644  07F8  0AF4               	incf	delay@i+1,f
   645  07F9  3000               	movlw	0
   646  07FA  07F4               	addwf	delay@i+1,f
   647  07FB  2FCB               	goto	l50
   648  07FC                     __end_of_delay:	
   649  007E                     btemp	set	126	;btemp
   650  007E                     wtemp	set	126
   651  007E                     wtemp0	set	126
   652  0080                     wtemp1	set	128
   653  0082                     wtemp2	set	130
   654  0084                     wtemp3	set	132
   655  0086                     wtemp4	set	134
   656  0088                     wtemp5	set	136
   657  007F                     wtemp6	set	127
   658  007E                     ttemp	set	126
   659  007E                     ttemp0	set	126
   660  0081                     ttemp1	set	129
   661  0084                     ttemp2	set	132
   662  0087                     ttemp3	set	135
   663  007F                     ttemp4	set	127
   664  007E                     ltemp	set	126
   665  007E                     ltemp0	set	126
   666  0082                     ltemp1	set	130
   667  0086                     ltemp2	set	134
   668  0080                     ltemp3	set	128


Data Sizes:
    Strings     0
    Constant    0
    Data        0
    BSS         0
    Persistent  0
    Stack       0

Auto Spaces:
    Space          Size  Autos    Used
    COMMON           14     13      13
    BANK0            80      0       0
    BANK1            80      0       0
    BANK3            96      0       0
    BANK2            96      0       0

Pointer List with Targets:

    None.

Critical Paths under _main in COMMON

    _main->_keypad
    _keypad->_dataCtrl
    _dataCtrl->_delay
    _initLCD->_instCtrl
    _instCtrl->_delay

Critical Paths under _main in BANK0

    None.

Critical Paths under _main in BANK1

    None.

Critical Paths under _main in BANK3

    None.

Critical Paths under _main in BANK2

    None.

Call Graph Tables:

 ---------------------------------------------------------------------------------
 (Depth) Function   	        Calls       Base Space   Used Autos Params    Refs
 ---------------------------------------------------------------------------------
 (0) _main                                                 4     4      0     627
                                              9 COMMON     4     4      0
                            _initLCD
                             _keypad
 ---------------------------------------------------------------------------------
 (1) _keypad                                               1     1      0     219
                                              8 COMMON     1     1      0
                           _dataCtrl
 ---------------------------------------------------------------------------------
 (2) _dataCtrl                                             1     1      0     204
                                              7 COMMON     1     1      0
                              _delay
 ---------------------------------------------------------------------------------
 (1) _initLCD                                              0     0      0     393
                              _delay
                           _instCtrl
 ---------------------------------------------------------------------------------
 (2) _instCtrl                                             1     1      0     204
                                              7 COMMON     1     1      0
                              _delay
 ---------------------------------------------------------------------------------
 (3) _delay                                                7     5      2     189
                                              0 COMMON     7     5      2
 ---------------------------------------------------------------------------------
 Estimated maximum stack depth 3
 ---------------------------------------------------------------------------------

 Call Graph Graphs:

 _main (ROOT)
   _initLCD
     _delay
     _instCtrl
       _delay
   _keypad
     _dataCtrl
       _delay

 Address spaces:
Name               Size   Autos  Total    Cost      Usage
BITCOMMON            E      0       0       0        0.0%
EEDATA             100      0       0       0        0.0%
NULL                 0      0       0       0        0.0%
CODE                 0      0       0       0        0.0%
COMMON               E      D       D       1       92.9%
BITSFR0              0      0       0       1        0.0%
SFR0                 0      0       0       1        0.0%
BITSFR1              0      0       0       2        0.0%
SFR1                 0      0       0       2        0.0%
STACK                0      0       0       2        0.0%
ABS                  0      0       0       3        0.0%
BITBANK0            50      0       0       4        0.0%
BITSFR3              0      0       0       4        0.0%
SFR3                 0      0       0       4        0.0%
BANK0               50      0       0       5        0.0%
BITSFR2              0      0       0       5        0.0%
SFR2                 0      0       0       5        0.0%
BITBANK1            50      0       0       6        0.0%
BANK1               50      0       0       7        0.0%
BITBANK3            60      0       0       8        0.0%
BANK3               60      0       0       9        0.0%
BITBANK2            60      0       0      10        0.0%
BANK2               60      0       0      11        0.0%
DATA                 0      0       0      12        0.0%


Microchip Technology PIC Macro Assembler V1.33 build 59893 
Symbol Table                                                                                   Mon Feb 12 19:44:41 2024

            __CFG_CP$OFF 0000                       l50 07CB                       l38 075F  
                     u15 07E2                       u25 07F3                       u35 07D5  
                    l520 07E4                      l524 07F5                      l554 0755  
                    l558 075A                      l568 0793                      _RC0 0038  
                    _RC1 0039                      _RC2 003A                      _RD4 0044  
           __CFG_CPD$OFF 0000             __CFG_FOSC$XT 0000             __CFG_LVP$OFF 0000  
           __CFG_WRT$OFF 0000                     _main 0786                     btemp 007E  
          __CFG_BOREN$ON 0000                     ltemp 007E                     start 0000  
                   ttemp 007E                     wtemp 007E                    ?_main 0070  
          __CFG_WDTE$OFF 0000                    _PORTB 0006                    _PORTD 0008  
                  _TRISB 0086                    _TRISC 0087                    _TRISD 0088  
          __CFG_PWRTE$ON 0000          __end_of_initLCD 07C9                    _delay 07C9  
                  ltemp0 007E                    ltemp1 0082                    ltemp2 0086  
                  ltemp3 0080                    ttemp0 007E                    ttemp1 0081  
                  ttemp2 0084                    ttemp3 0087                    ttemp4 007F  
                  status 0003                    wtemp0 007E                    wtemp1 0080  
                  wtemp2 0082                    wtemp3 0084                    wtemp4 0086  
                  wtemp5 0088                    wtemp6 007F          __initialization 07FC  
           __end_of_main 07A3                   ??_main 0079                   ?_delay 0070  
       __end_of_dataCtrl 0786                   _keypad 0753                   delay@i 0073  
                 delay@j 0075         __end_of_instCtrl 0773                ??_initLCD 0078  
__end_of__initialization 07FC           __pcstackCOMMON 0070            __end_of_delay 07FC  
                ??_delay 0072               __pmaintext 0786                  ?_keypad 0070  
              ?_dataCtrl 0070                ?_instCtrl 0070          __size_of_keypad 000D  
                __ptext0 0000                  __ptext1 0753                  __ptext2 0773  
                __ptext3 07A3                  __ptext4 0760                  __ptext5 07C9  
                _initLCD 07A3               ??_dataCtrl 0077     end_of_initialization 07FC  
             ??_instCtrl 0077             instCtrl@INST 0077           __end_of_keypad 0760  
    start_initialization 07FC             dataCtrl@INST 0077                 ??_keypad 0078  
             keypad@kpad 0078                ___latbits 0002        __size_of_dataCtrl 0013  
      __size_of_instCtrl 0013                 ?_initLCD 0070           __size_of_delay 0033  
              main@bound 007A                 _dataCtrl 0773         __size_of_initLCD 0026  
          __size_of_main 001D                 _instCtrl 0760                 delay@cnt 0070  
               main@kpad 007C  
