

Microchip Technology PIC LITE Macro Assembler V1.33 build 59893 
                                                                                               Mon Apr 22 10:49:19 2024

Microchip Technology Omniscient Code Generator (Lite mode) build 59893
     1                           	processor	16F877A
     2                           	opt	pw 120
     3                           	opt	lm
     4                           	psect	text0,local,class=CODE,merge=1,delta=2
     5                           	psect	cinit,global,class=CODE,merge=1,delta=2
     6                           	psect	cstackCOMMON,global,class=COMMON,space=1,delta=1
     7                           	psect	maintext,global,class=CODE,split=1,delta=2
     8                           	psect	text1,local,class=CODE,merge=1,delta=2
     9                           	psect	text2,local,class=CODE,merge=1,delta=2
    10                           	psect	text3,local,class=CODE,merge=1,delta=2
    11                           	psect	text4,local,class=CODE,merge=1,delta=2
    12                           	psect	text5,local,class=CODE,merge=1,delta=2
    13                           	dabs	1,0x7E,2
    14  0000                     	;# 
    15  0001                     	;# 
    16  0002                     	;# 
    17  0003                     	;# 
    18  0004                     	;# 
    19  0005                     	;# 
    20  0006                     	;# 
    21  0007                     	;# 
    22  0008                     	;# 
    23  0009                     	;# 
    24  000A                     	;# 
    25  000B                     	;# 
    26  000C                     	;# 
    27  000D                     	;# 
    28  000E                     	;# 
    29  000E                     	;# 
    30  000F                     	;# 
    31  0010                     	;# 
    32  0011                     	;# 
    33  0012                     	;# 
    34  0013                     	;# 
    35  0014                     	;# 
    36  0015                     	;# 
    37  0015                     	;# 
    38  0016                     	;# 
    39  0017                     	;# 
    40  0018                     	;# 
    41  0019                     	;# 
    42  001A                     	;# 
    43  001B                     	;# 
    44  001B                     	;# 
    45  001C                     	;# 
    46  001D                     	;# 
    47  001E                     	;# 
    48  001F                     	;# 
    49  0081                     	;# 
    50  0085                     	;# 
    51  0086                     	;# 
    52  0087                     	;# 
    53  0088                     	;# 
    54  0089                     	;# 
    55  008C                     	;# 
    56  008D                     	;# 
    57  008E                     	;# 
    58  0091                     	;# 
    59  0092                     	;# 
    60  0093                     	;# 
    61  0094                     	;# 
    62  0098                     	;# 
    63  0099                     	;# 
    64  009C                     	;# 
    65  009D                     	;# 
    66  009E                     	;# 
    67  009F                     	;# 
    68  010C                     	;# 
    69  010D                     	;# 
    70  010E                     	;# 
    71  010F                     	;# 
    72  018C                     	;# 
    73  018D                     	;# 
    74  0008                     _PORTD	set	8
    75  0013                     _SSPBUF	set	19
    76  0014                     _SSPCON	set	20
    77  0093                     _SSPADD	set	147
    78  0091                     _SSPCON2	set	145
    79  0094                     _SSPSTAT	set	148
    80  0088                     _TRISD	set	136
    81  048D                     _ACKDT	set	1165
    82  048C                     _ACKEN	set	1164
    83  048A                     _PEN	set	1162
    84  048B                     _RCEN	set	1163
    85  0489                     _RSEN	set	1161
    86  0488                     _SEN	set	1160
    87  043B                     _TRISC3	set	1083
    88  043C                     _TRISC4	set	1084
    89                           
    90                           	psect	text0
    91  0000                     __ptext0:	
    92                           ; #config settings
    93                           
    94                           
    95                           ;psect for function _I2C_Master_Wait
    96  0000                     
    97                           	psect	cinit
    98  07FC                     start_initialization:	
    99  07FC                     __initialization:	
   100  07FC                     end_of_initialization:	
   101                           ;End of C runtime variable initialization code
   102                           
   103  07FC                     __end_of__initialization:	
   104  07FC  0183               	clrf	3
   105  07FD  120A  118A  2FC4   	ljmp	_main	;jump to C main() function
   106                           
   107                           	psect	cstackCOMMON
   108  0070                     __pcstackCOMMON:	
   109  0070                     ?_init_I2C_Master:	
   110  0070                     ??_init_I2C_Master:	
   111                           ; 0 bytes @ 0x0
   112                           
   113  0070                     ?_I2C_Master_Wait:	
   114                           ; 0 bytes @ 0x0
   115                           
   116  0070                     ??_I2C_Master_Wait:	
   117                           ; 0 bytes @ 0x0
   118                           
   119  0070                     ?_I2C_Master_Start:	
   120                           ; 0 bytes @ 0x0
   121                           
   122  0070                     ??_I2C_Master_Start:	
   123                           ; 0 bytes @ 0x0
   124                           
   125  0070                     ?_I2C_Master_Stop:	
   126                           ; 0 bytes @ 0x0
   127                           
   128  0070                     ??_I2C_Master_Stop:	
   129                           ; 0 bytes @ 0x0
   130                           
   131  0070                     ?_I2C_Master_Write:	
   132                           ; 0 bytes @ 0x0
   133                           
   134  0070                     ?_main:	
   135                           ; 0 bytes @ 0x0
   136                           
   137  0070                     I2C_Master_Write@dataOUT:	
   138                           ; 0 bytes @ 0x0
   139                           
   140                           
   141                           ; 2 bytes @ 0x0
   142  0070                     	ds	2
   143  0072                     ??_I2C_Master_Write:	
   144  0072                     ??_main:	
   145                           ; 0 bytes @ 0x2
   146                           
   147                           
   148                           ; 0 bytes @ 0x2
   149  0072                     	ds	3
   150                           
   151                           	psect	maintext
   152  07C4                     __pmaintext:	
   153 ;;
   154 ;;Main: autosize = 0, tempsize = 3, incstack = 0, save=0
   155 ;;
   156 ;; *************** function _main *****************
   157 ;; Defined at:
   158 ;;		line 14 in file "D:\uni_2023-2024\cpe3201\embedded-systems\LabExer\LE7\mplab\7-1\BajanDecierdo_7-1.c"
   159 ;; Parameters:    Size  Location     Type
   160 ;;		None
   161 ;; Auto vars:     Size  Location     Type
   162 ;;		None
   163 ;; Return value:  Size  Location     Type
   164 ;;		None               void
   165 ;; Registers used:
   166 ;;		wreg, status,2, status,0, pclath, cstack
   167 ;; Tracked objects:
   168 ;;		On entry : 17F/0
   169 ;;		On exit  : 0/0
   170 ;;		Unchanged: 0/0
   171 ;; Data sizes:     COMMON   BANK0   BANK1   BANK3   BANK2
   172 ;;      Params:         0       0       0       0       0
   173 ;;      Locals:         0       0       0       0       0
   174 ;;      Temps:          3       0       0       0       0
   175 ;;      Totals:         3       0       0       0       0
   176 ;;Total ram usage:        3 bytes
   177 ;; Hardware stack levels required when called:    2
   178 ;; This function calls:
   179 ;;		_I2C_Master_Start
   180 ;;		_I2C_Master_Stop
   181 ;;		_I2C_Master_Write
   182 ;;		_init_I2C_Master
   183 ;; This function is called by:
   184 ;;		Startup code after reset
   185 ;; This function uses a non-reentrant model
   186 ;;
   187                           
   188                           
   189                           ;psect for function _main
   190  07C4                     _main:	
   191                           
   192                           ;BajanDecierdo_7-1.c: 16: TRISD = 0xFF;
   193                           
   194                           ;incstack = 0
   195                           ; Regs used in _main: [wreg+status,2+status,0+pclath+cstack]
   196  07C4  30FF               	movlw	255
   197  07C5  1683               	bsf	3,5	;RP0=1, select bank1
   198  07C6  1303               	bcf	3,6	;RP1=0, select bank1
   199  07C7  0088               	movwf	8	;volatile
   200                           
   201                           ;BajanDecierdo_7-1.c: 17: init_I2C_Master();
   202  07C8  120A  118A  27B5  120A  118A  	fcall	_init_I2C_Master
   203  07CD                     l564:	
   204                           ;BajanDecierdo_7-1.c: 18: for(;;)
   205                           
   206                           
   207                           ;BajanDecierdo_7-1.c: 19: {
   208                           ;BajanDecierdo_7-1.c: 20: I2C_Master_Start();
   209  07CD  120A  118A  2796  120A  118A  	fcall	_I2C_Master_Start
   210                           
   211                           ;BajanDecierdo_7-1.c: 21: I2C_Master_Write(0x10);
   212  07D2  3010               	movlw	16
   213  07D3  00F0               	movwf	I2C_Master_Write@dataOUT
   214  07D4  3000               	movlw	0
   215  07D5  00F1               	movwf	I2C_Master_Write@dataOUT+1
   216  07D6  120A  118A  27A4  120A  118A  	fcall	_I2C_Master_Write
   217                           
   218                           ;BajanDecierdo_7-1.c: 22: I2C_Master_Write(PORTD);
   219  07DB  1283               	bcf	3,5	;RP0=0, select bank0
   220  07DC  1303               	bcf	3,6	;RP1=0, select bank0
   221  07DD  0808               	movf	8,w	;volatile
   222  07DE  00F2               	movwf	??_main
   223  07DF  01F3               	clrf	??_main+1
   224  07E0  0872               	movf	??_main,w
   225  07E1  00F0               	movwf	I2C_Master_Write@dataOUT
   226  07E2  0873               	movf	??_main+1,w
   227  07E3  00F1               	movwf	I2C_Master_Write@dataOUT+1
   228  07E4  120A  118A  27A4  120A  118A  	fcall	_I2C_Master_Write
   229                           
   230                           ;BajanDecierdo_7-1.c: 23: I2C_Master_Stop();
   231  07E9  120A  118A  279D  120A  118A  	fcall	_I2C_Master_Stop
   232                           
   233                           ;BajanDecierdo_7-1.c: 24: _delay((unsigned long)((200)*(4000000/4000.0)));
   234  07EE  3002               	movlw	2
   235  07EF  00F4               	movwf	??_main+2
   236  07F0  3004               	movlw	4
   237  07F1  00F3               	movwf	??_main+1
   238  07F2  30BA               	movlw	186
   239  07F3  00F2               	movwf	??_main
   240  07F4                     u57:	
   241  07F4  0BF2               	decfsz	??_main,f
   242  07F5  2FF4               	goto	u57
   243  07F6  0BF3               	decfsz	??_main+1,f
   244  07F7  2FF4               	goto	u57
   245  07F8  0BF4               	decfsz	??_main+2,f
   246  07F9  2FF4               	goto	u57
   247  07FA  0000               	nop
   248                           
   249                           ;BajanDecierdo_7-1.c: 25: }
   250  07FB  2FCD               	goto	l564
   251  07FC                     __end_of_main:	
   252                           
   253                           	psect	text1
   254  07B5                     __ptext1:	
   255 ;; *************** function _init_I2C_Master *****************
   256 ;; Defined at:
   257 ;;		line 19 in file "D:\uni_2023-2024\cpe3201\embedded-systems\LabExer\LE7\mplab\7-1\BajanDecierdo_IIC.h"
   258 ;; Parameters:    Size  Location     Type
   259 ;;		None
   260 ;; Auto vars:     Size  Location     Type
   261 ;;		None
   262 ;; Return value:  Size  Location     Type
   263 ;;		None               void
   264 ;; Registers used:
   265 ;;		wreg, status,2
   266 ;; Tracked objects:
   267 ;;		On entry : 0/0
   268 ;;		On exit  : 0/0
   269 ;;		Unchanged: 0/0
   270 ;; Data sizes:     COMMON   BANK0   BANK1   BANK3   BANK2
   271 ;;      Params:         0       0       0       0       0
   272 ;;      Locals:         0       0       0       0       0
   273 ;;      Temps:          0       0       0       0       0
   274 ;;      Totals:         0       0       0       0       0
   275 ;;Total ram usage:        0 bytes
   276 ;; Hardware stack levels used:    1
   277 ;; This function calls:
   278 ;;		Nothing
   279 ;; This function is called by:
   280 ;;		_main
   281 ;; This function uses a non-reentrant model
   282 ;;
   283                           
   284                           
   285                           ;psect for function _init_I2C_Master
   286  07B5                     _init_I2C_Master:	
   287                           
   288                           ;BajanDecierdo_IIC.h: 21: TRISC3 = 1;
   289                           
   290                           ;incstack = 0
   291                           ; Regs used in _init_I2C_Master: [wreg+status,2]
   292  07B5  1683               	bsf	3,5	;RP0=1, select bank1
   293  07B6  1303               	bcf	3,6	;RP1=0, select bank1
   294  07B7  1587               	bsf	7,3	;volatile
   295                           
   296                           ;BajanDecierdo_IIC.h: 22: TRISC4 = 1;
   297  07B8  1607               	bsf	7,4	;volatile
   298                           
   299                           ;BajanDecierdo_IIC.h: 23: SSPCON = 0x28;
   300  07B9  3028               	movlw	40
   301  07BA  1283               	bcf	3,5	;RP0=0, select bank0
   302  07BB  1303               	bcf	3,6	;RP1=0, select bank0
   303  07BC  0094               	movwf	20	;volatile
   304                           
   305                           ;BajanDecierdo_IIC.h: 24: SSPCON2 = 0x00;
   306  07BD  1683               	bsf	3,5	;RP0=1, select bank1
   307  07BE  1303               	bcf	3,6	;RP1=0, select bank1
   308  07BF  0191               	clrf	17	;volatile
   309                           
   310                           ;BajanDecierdo_IIC.h: 26: SSPSTAT = 0x00;
   311  07C0  0194               	clrf	20	;volatile
   312                           
   313                           ;BajanDecierdo_IIC.h: 27: SSPADD = 0x09;
   314  07C1  3009               	movlw	9
   315  07C2  0093               	movwf	19	;volatile
   316  07C3  0008               	return
   317  07C4                     __end_of_init_I2C_Master:	
   318                           
   319                           	psect	text2
   320  07A4                     __ptext2:	
   321 ;; *************** function _I2C_Master_Write *****************
   322 ;; Defined at:
   323 ;;		line 56 in file "D:\uni_2023-2024\cpe3201\embedded-systems\LabExer\LE7\mplab\7-1\BajanDecierdo_IIC.h"
   324 ;; Parameters:    Size  Location     Type
   325 ;;  dataOUT         2    0[COMMON] unsigned int 
   326 ;; Auto vars:     Size  Location     Type
   327 ;;		None
   328 ;; Return value:  Size  Location     Type
   329 ;;		None               void
   330 ;; Registers used:
   331 ;;		wreg, status,2, status,0, pclath, cstack
   332 ;; Tracked objects:
   333 ;;		On entry : 0/0
   334 ;;		On exit  : 0/0
   335 ;;		Unchanged: 0/0
   336 ;; Data sizes:     COMMON   BANK0   BANK1   BANK3   BANK2
   337 ;;      Params:         2       0       0       0       0
   338 ;;      Locals:         0       0       0       0       0
   339 ;;      Temps:          0       0       0       0       0
   340 ;;      Totals:         2       0       0       0       0
   341 ;;Total ram usage:        2 bytes
   342 ;; Hardware stack levels used:    1
   343 ;; Hardware stack levels required when called:    1
   344 ;; This function calls:
   345 ;;		_I2C_Master_Wait
   346 ;; This function is called by:
   347 ;;		_main
   348 ;; This function uses a non-reentrant model
   349 ;;
   350                           
   351                           
   352                           ;psect for function _I2C_Master_Write
   353  07A4                     _I2C_Master_Write:	
   354                           
   355                           ;BajanDecierdo_IIC.h: 58: I2C_Master_Wait();
   356                           
   357                           ;incstack = 0
   358                           ; Regs used in _I2C_Master_Write: [wreg+status,2+status,0+pclath+cstack]
   359  07A4  120A  118A  27AC   	fcall	_I2C_Master_Wait
   360                           
   361                           ;BajanDecierdo_IIC.h: 59: SSPBUF = dataOUT;
   362  07A7  0870               	movf	I2C_Master_Write@dataOUT,w
   363  07A8  1283               	bcf	3,5	;RP0=0, select bank0
   364  07A9  1303               	bcf	3,6	;RP1=0, select bank0
   365  07AA  0093               	movwf	19	;volatile
   366  07AB  0008               	return
   367  07AC                     __end_of_I2C_Master_Write:	
   368                           
   369                           	psect	text3
   370  079D                     __ptext3:	
   371 ;; *************** function _I2C_Master_Stop *****************
   372 ;; Defined at:
   373 ;;		line 48 in file "D:\uni_2023-2024\cpe3201\embedded-systems\LabExer\LE7\mplab\7-1\BajanDecierdo_IIC.h"
   374 ;; Parameters:    Size  Location     Type
   375 ;;		None
   376 ;; Auto vars:     Size  Location     Type
   377 ;;		None
   378 ;; Return value:  Size  Location     Type
   379 ;;		None               void
   380 ;; Registers used:
   381 ;;		wreg, status,2, status,0, pclath, cstack
   382 ;; Tracked objects:
   383 ;;		On entry : 0/0
   384 ;;		On exit  : 0/0
   385 ;;		Unchanged: 0/0
   386 ;; Data sizes:     COMMON   BANK0   BANK1   BANK3   BANK2
   387 ;;      Params:         0       0       0       0       0
   388 ;;      Locals:         0       0       0       0       0
   389 ;;      Temps:          0       0       0       0       0
   390 ;;      Totals:         0       0       0       0       0
   391 ;;Total ram usage:        0 bytes
   392 ;; Hardware stack levels used:    1
   393 ;; Hardware stack levels required when called:    1
   394 ;; This function calls:
   395 ;;		_I2C_Master_Wait
   396 ;; This function is called by:
   397 ;;		_main
   398 ;; This function uses a non-reentrant model
   399 ;;
   400                           
   401                           
   402                           ;psect for function _I2C_Master_Stop
   403  079D                     _I2C_Master_Stop:	
   404                           
   405                           ;BajanDecierdo_IIC.h: 50: I2C_Master_Wait();
   406                           
   407                           ;incstack = 0
   408                           ; Regs used in _I2C_Master_Stop: [wreg+status,2+status,0+pclath+cstack]
   409  079D  120A  118A  27AC   	fcall	_I2C_Master_Wait
   410                           
   411                           ;BajanDecierdo_IIC.h: 51: PEN = 1;
   412  07A0  1683               	bsf	3,5	;RP0=1, select bank1
   413  07A1  1303               	bcf	3,6	;RP1=0, select bank1
   414  07A2  1511               	bsf	17,2	;volatile
   415  07A3  0008               	return
   416  07A4                     __end_of_I2C_Master_Stop:	
   417                           
   418                           	psect	text4
   419  0796                     __ptext4:	
   420 ;; *************** function _I2C_Master_Start *****************
   421 ;; Defined at:
   422 ;;		line 36 in file "D:\uni_2023-2024\cpe3201\embedded-systems\LabExer\LE7\mplab\7-1\BajanDecierdo_IIC.h"
   423 ;; Parameters:    Size  Location     Type
   424 ;;		None
   425 ;; Auto vars:     Size  Location     Type
   426 ;;		None
   427 ;; Return value:  Size  Location     Type
   428 ;;		None               void
   429 ;; Registers used:
   430 ;;		wreg, status,2, status,0, pclath, cstack
   431 ;; Tracked objects:
   432 ;;		On entry : 0/0
   433 ;;		On exit  : 0/0
   434 ;;		Unchanged: 0/0
   435 ;; Data sizes:     COMMON   BANK0   BANK1   BANK3   BANK2
   436 ;;      Params:         0       0       0       0       0
   437 ;;      Locals:         0       0       0       0       0
   438 ;;      Temps:          0       0       0       0       0
   439 ;;      Totals:         0       0       0       0       0
   440 ;;Total ram usage:        0 bytes
   441 ;; Hardware stack levels used:    1
   442 ;; Hardware stack levels required when called:    1
   443 ;; This function calls:
   444 ;;		_I2C_Master_Wait
   445 ;; This function is called by:
   446 ;;		_main
   447 ;; This function uses a non-reentrant model
   448 ;;
   449                           
   450                           
   451                           ;psect for function _I2C_Master_Start
   452  0796                     _I2C_Master_Start:	
   453                           
   454                           ;BajanDecierdo_IIC.h: 38: I2C_Master_Wait();
   455                           
   456                           ;incstack = 0
   457                           ; Regs used in _I2C_Master_Start: [wreg+status,2+status,0+pclath+cstack]
   458  0796  120A  118A  27AC   	fcall	_I2C_Master_Wait
   459                           
   460                           ;BajanDecierdo_IIC.h: 39: SEN = 1;
   461  0799  1683               	bsf	3,5	;RP0=1, select bank1
   462  079A  1303               	bcf	3,6	;RP1=0, select bank1
   463  079B  1411               	bsf	17,0	;volatile
   464  079C  0008               	return
   465  079D                     __end_of_I2C_Master_Start:	
   466                           
   467                           	psect	text5
   468  07AC                     __ptext5:	
   469 ;; *************** function _I2C_Master_Wait *****************
   470 ;; Defined at:
   471 ;;		line 30 in file "D:\uni_2023-2024\cpe3201\embedded-systems\LabExer\LE7\mplab\7-1\BajanDecierdo_IIC.h"
   472 ;; Parameters:    Size  Location     Type
   473 ;;		None
   474 ;; Auto vars:     Size  Location     Type
   475 ;;		None
   476 ;; Return value:  Size  Location     Type
   477 ;;		None               void
   478 ;; Registers used:
   479 ;;		wreg, status,2
   480 ;; Tracked objects:
   481 ;;		On entry : 0/0
   482 ;;		On exit  : 0/0
   483 ;;		Unchanged: 0/0
   484 ;; Data sizes:     COMMON   BANK0   BANK1   BANK3   BANK2
   485 ;;      Params:         0       0       0       0       0
   486 ;;      Locals:         0       0       0       0       0
   487 ;;      Temps:          0       0       0       0       0
   488 ;;      Totals:         0       0       0       0       0
   489 ;;Total ram usage:        0 bytes
   490 ;; Hardware stack levels used:    1
   491 ;; This function calls:
   492 ;;		Nothing
   493 ;; This function is called by:
   494 ;;		_I2C_Master_Start
   495 ;;		_I2C_Master_Stop
   496 ;;		_I2C_Master_Write
   497 ;;		_I2C_Master_RepeatedStart
   498 ;;		_I2C_Master_Read
   499 ;; This function uses a non-reentrant model
   500 ;;
   501                           
   502                           
   503                           ;psect for function _I2C_Master_Wait
   504  07AC                     _I2C_Master_Wait:	
   505  07AC                     l38:	
   506                           ;BajanDecierdo_IIC.h: 33: while ((SSPSTAT & 0x04) || (SSPCON2 & 0x1F));
   507                           
   508                           ;incstack = 0
   509                           ; Regs used in _I2C_Master_Wait: [wreg+status,2]
   510                           
   511  07AC  1683               	bsf	3,5	;RP0=1, select bank1
   512  07AD  1303               	bcf	3,6	;RP1=0, select bank1
   513  07AE  1914               	btfsc	20,2	;volatile
   514  07AF  2FAC               	goto	l38
   515  07B0  0811               	movf	17,w	;volatile
   516  07B1  391F               	andlw	31
   517  07B2  1903               	btfsc	3,2
   518  07B3  0008               	return
   519  07B4  2FAC               	goto	l38
   520  07B5                     __end_of_I2C_Master_Wait:	
   521  007E                     btemp	set	126	;btemp
   522  007E                     wtemp	set	126
   523  007E                     wtemp0	set	126
   524  0080                     wtemp1	set	128
   525  0082                     wtemp2	set	130
   526  0084                     wtemp3	set	132
   527  0086                     wtemp4	set	134
   528  0088                     wtemp5	set	136
   529  007F                     wtemp6	set	127
   530  007E                     ttemp	set	126
   531  007E                     ttemp0	set	126
   532  0081                     ttemp1	set	129
   533  0084                     ttemp2	set	132
   534  0087                     ttemp3	set	135
   535  007F                     ttemp4	set	127
   536  007E                     ltemp	set	126
   537  007E                     ltemp0	set	126
   538  0082                     ltemp1	set	130
   539  0086                     ltemp2	set	134
   540  0080                     ltemp3	set	128


Data Sizes:
    Strings     0
    Constant    0
    Data        0
    BSS         0
    Persistent  0
    Stack       0

Auto Spaces:
    Space          Size  Autos    Used
    COMMON           14      5       5
    BANK0            80      0       0
    BANK1            80      0       0
    BANK3            96      0       0
    BANK2            96      0       0

Pointer List with Targets:

    None.

Critical Paths under _main in COMMON

    _main->_I2C_Master_Write

Critical Paths under _main in BANK0

    None.

Critical Paths under _main in BANK1

    None.

Critical Paths under _main in BANK3

    None.

Critical Paths under _main in BANK2

    None.

Call Graph Tables:

 ---------------------------------------------------------------------------------
 (Depth) Function   	        Calls       Base Space   Used Autos Params    Refs
 ---------------------------------------------------------------------------------
 (0) _main                                                 3     3      0     101
                                              2 COMMON     3     3      0
                   _I2C_Master_Start
                    _I2C_Master_Stop
                   _I2C_Master_Write
                    _init_I2C_Master
 ---------------------------------------------------------------------------------
 (1) _init_I2C_Master                                      0     0      0       0
 ---------------------------------------------------------------------------------
 (1) _I2C_Master_Write                                     2     0      2     101
                                              0 COMMON     2     0      2
                    _I2C_Master_Wait
 ---------------------------------------------------------------------------------
 (1) _I2C_Master_Stop                                      0     0      0       0
                    _I2C_Master_Wait
 ---------------------------------------------------------------------------------
 (1) _I2C_Master_Start                                     0     0      0       0
                    _I2C_Master_Wait
 ---------------------------------------------------------------------------------
 (2) _I2C_Master_Wait                                      0     0      0       0
 ---------------------------------------------------------------------------------
 Estimated maximum stack depth 2
 ---------------------------------------------------------------------------------

 Call Graph Graphs:

 _main (ROOT)
   _I2C_Master_Start
     _I2C_Master_Wait
   _I2C_Master_Stop
     _I2C_Master_Wait
   _I2C_Master_Write
     _I2C_Master_Wait
   _init_I2C_Master

 Address spaces:
Name               Size   Autos  Total    Cost      Usage
BITCOMMON            E      0       0       0        0.0%
EEDATA             100      0       0       0        0.0%
NULL                 0      0       0       0        0.0%
CODE                 0      0       0       0        0.0%
COMMON               E      5       5       1       35.7%
BITSFR0              0      0       0       1        0.0%
SFR0                 0      0       0       1        0.0%
BITSFR1              0      0       0       2        0.0%
SFR1                 0      0       0       2        0.0%
STACK                0      0       0       2        0.0%
ABS                  0      0       0       3        0.0%
BITBANK0            50      0       0       4        0.0%
BITSFR3              0      0       0       4        0.0%
SFR3                 0      0       0       4        0.0%
BANK0               50      0       0       5        0.0%
BITSFR2              0      0       0       5        0.0%
SFR2                 0      0       0       5        0.0%
BITBANK1            50      0       0       6        0.0%
BANK1               50      0       0       7        0.0%
BITBANK3            60      0       0       8        0.0%
BANK3               60      0       0       9        0.0%
BITBANK2            60      0       0      10        0.0%
BANK2               60      0       0      11        0.0%
DATA                 0      0       0      12        0.0%


Microchip Technology PIC Macro Assembler V1.33 build 59893 
Symbol Table                                                                                   Mon Apr 22 10:49:19 2024

              __CFG_CP$OFF 0000                         l38 07AC                         u57 07F4  
                      l564 07CD                        _PEN 048A               __CFG_CPD$OFF 0000  
                      _SEN 0488               __CFG_FOSC$XT 0000               __CFG_LVP$OFF 0000  
                     _RCEN 048B                       _RSEN 0489               __CFG_WRT$OFF 0000  
                     _main 07C4                       btemp 007E              __CFG_BOREN$ON 0000  
                     ltemp 007E                       start 0000                       ttemp 007E  
                     wtemp 007E           ?_I2C_Master_Wait 0070           ?_I2C_Master_Stop 0070  
                    ?_main 0070                      _ACKEN 048C                      _ACKDT 048D  
            __CFG_WDTE$OFF 0000                      _PORTD 0008                      _TRISD 0088  
            __CFG_PWRTE$ON 0000                      ltemp0 007E                      ltemp1 0082  
                    ltemp2 0086                      ltemp3 0080                      ttemp0 007E  
                    ttemp1 0081                      ttemp2 0084                      ttemp3 0087  
                    ttemp4 007F                      status 0003                      wtemp0 007E  
                    wtemp1 0080                      wtemp2 0082                      wtemp3 0084  
                    wtemp4 0086                      wtemp5 0088                      wtemp6 007F  
          __initialization 07FC               __end_of_main 07FC                     ??_main 0072  
        ?_I2C_Master_Start 0070          ?_I2C_Master_Write 0070         ??_I2C_Master_Start 0070  
       ??_I2C_Master_Write 0072                     _SSPADD 0093                     _TRISC3 043B  
                   _TRISC4 043C                     _SSPCON 0014                     _SSPBUF 0013  
 __size_of_init_I2C_Master 000F    __end_of__initialization 07FC             __pcstackCOMMON 0070  
               __pmaintext 07C4          ??_init_I2C_Master 0070                    _SSPCON2 0091  
                  _SSPSTAT 0094                    __ptext0 0000                    __ptext1 07B5  
                  __ptext2 07A4                    __ptext3 079D                    __ptext4 0796  
                  __ptext5 07AC   __size_of_I2C_Master_Wait 0009   __size_of_I2C_Master_Stop 0007  
     end_of_initialization 07FC    I2C_Master_Write@dataOUT 0070  __size_of_I2C_Master_Start 0007  
__size_of_I2C_Master_Write 0008        start_initialization 07FC          ??_I2C_Master_Wait 0070  
        ??_I2C_Master_Stop 0070            _init_I2C_Master 07B5                  ___latbits 0002  
         _I2C_Master_Start 0796           _I2C_Master_Write 07A4    __end_of_init_I2C_Master 07C4  
          _I2C_Master_Wait 07AC            _I2C_Master_Stop 079D              __size_of_main 0038  
         ?_init_I2C_Master 0070   __end_of_I2C_Master_Start 079D   __end_of_I2C_Master_Write 07AC  
  __end_of_I2C_Master_Wait 07B5    __end_of_I2C_Master_Stop 07A4  
